Vivado Simulator 2018.3
Time resolution is 1 ps
PC: 00000000 
 IR: 00000000 
 MAR: 00000000 
 MDR: 00000000 
 ACC: 00000000 
 SP: 00000000 
 R: 00000000 
 Bus: zzzzzzzz

PC: 00000001 
 IR: 00000000 
 MAR: 00000000 
 MDR: 00100000 
 ACC: 00000000 
 SP: 00000000 
 R: 00000000 
 Bus: 00100000

PC: 00000001 
 IR: 00100000 
 MAR: 00000000 
 MDR: 00100000 
 ACC: 00000000 
 SP: 00000000 
 R: 00000000 
 Bus: zzzzzzzz

PC: 00000001 
 IR: 00100000 
 MAR: 00000000 
 MDR: 00100000 
 ACC: 00000000 
 SP: 00000000 
 R: 00000000 
 Bus: 00000001

PC: 00000001 
 IR: 00100000 
 MAR: 00000001 
 MDR: 00100000 
 ACC: 00000000 
 SP: 00000000 
 R: 00000000 
 Bus: zzzzzzzz

PC: 00000010 
 IR: 00100000 
 MAR: 00000001 
 MDR: 00100011 
 ACC: 00000000 
 SP: 00000000 
 R: 00000000 
 Bus: 00100011

PC: 00000010 
 IR: 00100000 
 MAR: 00100011 
 MDR: 00100011 
 ACC: 00000000 
 SP: 00000000 
 R: 00000000 
 Bus: zzzzzzzz

PC: 00000010 
 IR: 00100000 
 MAR: 00100011 
 MDR: 00000100 
 ACC: 00000000 
 SP: 00000000 
 R: 00000000 
 Bus: 00000100

PC: 00000010 
 IR: 00100000 
 MAR: 00100011 
 MDR: 00000100 
 ACC: 00000100 
 SP: 00000000 
 R: 00000000 
 Bus: 00000010

PC: 00000010 
 IR: 00100000 
 MAR: 00000010 
 MDR: 00000100 
 ACC: 00000100 
 SP: 00000000 
 R: 00000000 
 Bus: zzzzzzzz

PC: 00000011 
 IR: 00100000 
 MAR: 00000010 
 MDR: 01000000 
 ACC: 00000100 
 SP: 00000000 
 R: 00000000 
 Bus: 01000000

PC: 00000011 
 IR: 01000000 
 MAR: 00000010 
 MDR: 01000000 
 ACC: 00000100 
 SP: 00000000 
 R: 00000000 
 Bus: zzzzzzzz

PC: 00000011 
 IR: 01000000 
 MAR: 00000010 
 MDR: 01000000 
 ACC: 00000100 
 SP: 00000000 
 R: 00000000 
 Bus: 00000100

PC: 00000011 
 IR: 01000000 
 MAR: 00000010 
 MDR: 01000000 
 ACC: 00000100 
 SP: 00000000 
 R: 00000100 
 Bus: 00000011

PC: 00000011 
 IR: 01000000 
 MAR: 00000011 
 MDR: 01000000 
 ACC: 00000100 
 SP: 00000000 
 R: 00000100 
 Bus: zzzzzzzz

PC: 00000100 
 IR: 01000000 
 MAR: 00000011 
 MDR: 00100000 
 ACC: 00000100 
 SP: 00000000 
 R: 00000100 
 Bus: 00100000

PC: 00000100 
 IR: 00100000 
 MAR: 00000011 
 MDR: 00100000 
 ACC: 00000100 
 SP: 00000000 
 R: 00000100 
 Bus: zzzzzzzz

PC: 00000100 
 IR: 00100000 
 MAR: 00000011 
 MDR: 00100000 
 ACC: 00000100 
 SP: 00000000 
 R: 00000100 
 Bus: 00000100

PC: 00000100 
 IR: 00100000 
 MAR: 00000100 
 MDR: 00100000 
 ACC: 00000100 
 SP: 00000000 
 R: 00000100 
 Bus: zzzzzzzz

PC: 00000101 
 IR: 00100000 
 MAR: 00000100 
 MDR: 00100100 
 ACC: 00000100 
 SP: 00000000 
 R: 00000100 
 Bus: 00100100

PC: 00000101 
 IR: 00100000 
 MAR: 00100100 
 MDR: 00100100 
 ACC: 00000100 
 SP: 00000000 
 R: 00000100 
 Bus: zzzzzzzz

PC: 00000101 
 IR: 00100000 
 MAR: 00100100 
 MDR: 00000000 
 ACC: 00000100 
 SP: 00000000 
 R: 00000100 
 Bus: 00000000

PC: 00000101 
 IR: 00100000 
 MAR: 00100100 
 MDR: 00000000 
 ACC: 00000000 
 SP: 00000000 
 R: 00000100 
 Bus: 00000101

PC: 00000101 
 IR: 00100000 
 MAR: 00000101 
 MDR: 00000000 
 ACC: 00000000 
 SP: 00000000 
 R: 00000100 
 Bus: zzzzzzzz

PC: 00000110 
 IR: 00100000 
 MAR: 00000101 
 MDR: 01010000 
 ACC: 00000000 
 SP: 00000000 
 R: 00000100 
 Bus: 01010000

PC: 00000110 
 IR: 01010000 
 MAR: 00000101 
 MDR: 01010000 
 ACC: 00000000 
 SP: 00000000 
 R: 00000100 
 Bus: zzzzzzzz

PC: 00000110 
 IR: 01010000 
 MAR: 00000101 
 MDR: 01010000 
 ACC: 00000000 
 SP: 00000000 
 R: 00000100 
 Bus: 00000100

PC: 00000110 
 IR: 01010000 
 MAR: 00000101 
 MDR: 01010000 
 ACC: 00000100 
 SP: 00000000 
 R: 00000100 
 Bus: 00000110

PC: 00000110 
 IR: 01010000 
 MAR: 00000110 
 MDR: 01010000 
 ACC: 00000100 
 SP: 00000000 
 R: 00000100 
 Bus: zzzzzzzz

PC: 00000111 
 IR: 01010000 
 MAR: 00000110 
 MDR: 00110000 
 ACC: 00000100 
 SP: 00000000 
 R: 00000100 
 Bus: 00110000

PC: 00000111 
 IR: 00110000 
 MAR: 00000110 
 MDR: 00110000 
 ACC: 00000100 
 SP: 00000000 
 R: 00000100 
 Bus: zzzzzzzz

PC: 00000111 
 IR: 00110000 
 MAR: 00000110 
 MDR: 00110000 
 ACC: 00000100 
 SP: 00000000 
 R: 00000100 
 Bus: 00000111

PC: 00000111 
 IR: 00110000 
 MAR: 00000111 
 MDR: 00110000 
 ACC: 00000100 
 SP: 00000000 
 R: 00000100 
 Bus: zzzzzzzz

PC: 00001000 
 IR: 00100000 
 MAR: 00001001 
 MDR: 11111111 
 ACC: xxxxxxxx 
 SP: 00000000 
 R: 00000000 
 Bus: 11111111

PC: 00001000 
 IR: 00100000 
 MAR: 00001001 
 MDR: 11111111 
 ACC: 11111111 
 SP: 00000000 
 R: 00000000 
 Bus: 00001000

PC: 00001000 
 IR: 00100000 
 MAR: 00001000 
 MDR: 11111111 
 ACC: 11111111 
 SP: 00000000 
 R: 00000000 
 Bus: zzzzzzzz

PC: 00001001 
 IR: 00100000 
 MAR: 00001000 
 MDR: 11111111 
 ACC: 11111111 
 SP: 00000000 
 R: 00000000 
 Bus: 11111111

PC: 00001001 
 IR: 11111111 
 MAR: 00001000 
 MDR: 11111111 
 ACC: 11111111 
 SP: 00000000 
 R: 00000000 
 Bus: zzzzzzzz

PC: 00001001 
 IR: 11111111 
 MAR: 00001000 
 MDR: 11111111 
 ACC: 11111111 
 SP: 00000000 
 R: 00000000 
 Bus: 00001001

PC: 00001001 
 IR: 11111111 
 MAR: 00001001 
 MDR: 11111111 
 ACC: 11111111 
 SP: 00000000 
 R: 00000000 
 Bus: zzzzzzzz

PC: 00001010 
 IR: 11111111 
 MAR: 00001001 
 MDR: 11111111 
 ACC: 11111111 
 SP: 00000000 
 R: 00000000 
 Bus: 11111111

PC: 00001010 
 IR: 11111111 
 MAR: 00001001 
 MDR: 11111111 
 ACC: 11111111 
 SP: 00000000 
 R: 00000000 
 Bus: zzzzzzzz

PC: 00001010 
 IR: 11111111 
 MAR: 00001001 
 MDR: 11111111 
 ACC: 11111111 
 SP: 00000000 
 R: 00000000 
 Bus: 00001010

PC: 00001010 
 IR: 11111111 
 MAR: 00001010 
 MDR: 11111111 
 ACC: 11111111 
 SP: 00000000 
 R: 00000000 
 Bus: zzzzzzzz

PC: 00001011 
 IR: 11111111 
 MAR: 00001010 
 MDR: xxxxxxxx 
 ACC: 11111111 
 SP: 00000000 
 R: 00000000 
 Bus: xxxxxxxx

PC: 00001010 
 IR: 00100000 
 MAR: 00001010 
 MDR: 00000100 
 ACC: 00000100 
 SP: 00000000 
 R: 00000100 
 Bus: zzzzzzzz

PC: 00001011 
 IR: 00100000 
 MAR: 00001010 
 MDR: 10100000 
 ACC: 00000100 
 SP: 00000000 
 R: 00000100 
 Bus: 10100000

PC: 00001011 
 IR: 10100000 
 MAR: 00001010 
 MDR: 10100000 
 ACC: 00000100 
 SP: 00000000 
 R: 00000100 
 Bus: zzzzzzzz

PC: 00001011 
 IR: 10100000 
 MAR: 00001010 
 MDR: 10100000 
 ACC: 00000100 
 SP: 00000000 
 R: 00000100 
 Bus: 00001011

PC: 00001011 
 IR: 10100000 
 MAR: 00001011 
 MDR: 10100000 
 ACC: 00000100 
 SP: 00000000 
 R: 00000100 
 Bus: zzzzzzzz

PC: 00001100 
 IR: 10100000 
 MAR: 00001011 
 MDR: 11111111 
 ACC: 00000100 
 SP: 00000000 
 R: 00000100 
 Bus: 11111111

PC: 00001100 
 IR: 10100000 
 MAR: 00001011 
 MDR: 11111111 
 ACC: 00000100 
 SP: 00000000 
 R: 11111111 
 Bus: 00001100

PC: 00001100 
 IR: 10100000 
 MAR: 00001100 
 MDR: 11111111 
 ACC: 00000100 
 SP: 00000000 
 R: 11111111 
 Bus: zzzzzzzz

PC: 00001101 
 IR: 10100000 
 MAR: 00001100 
 MDR: 01010000 
 ACC: 00000100 
 SP: 00000000 
 R: 11111111 
 Bus: 01010000

PC: 00001101 
 IR: 01010000 
 MAR: 00001100 
 MDR: 01010000 
 ACC: 00000100 
 SP: 00000000 
 R: 11111111 
 Bus: zzzzzzzz

PC: 00001101 
 IR: 01010000 
 MAR: 00001100 
 MDR: 01010000 
 ACC: 00000100 
 SP: 00000000 
 R: 11111111 
 Bus: 11111111

PC: 00001101 
 IR: 01010000 
 MAR: 00001100 
 MDR: 01010000 
 ACC: 00000011 
 SP: 00000000 
 R: 11111111 
 Bus: 00001101

PC: 00001101 
 IR: 01010000 
 MAR: 00001101 
 MDR: 01010000 
 ACC: 00000011 
 SP: 00000000 
 R: 11111111 
 Bus: zzzzzzzz

PC: 00001110 
 IR: 01010000 
 MAR: 00001101 
 MDR: 00110000 
 ACC: 00000011 
 SP: 00000000 
 R: 11111111 
 Bus: 00110000

PC: 00001110 
 IR: 00110000 
 MAR: 00001101 
 MDR: 00110000 
 ACC: 00000011 
 SP: 00000000 
 R: 11111111 
 Bus: zzzzzzzz

PC: 00001110 
 IR: 00110000 
 MAR: 00001101 
 MDR: 00110000 
 ACC: 00000011 
 SP: 00000000 
 R: 11111111 
 Bus: 00001110

PC: 00001110 
 IR: 00110000 
 MAR: 00001110 
 MDR: 00110000 
 ACC: 00000011 
 SP: 00000000 
 R: 11111111 
 Bus: zzzzzzzz

PC: 00001111 
 IR: 00110000 
 MAR: 00001110 
 MDR: 00100011 
 ACC: 00000011 
 SP: 00000000 
 R: 11111111 
 Bus: 00100011

PC: 00001111 
 IR: 00110000 
 MAR: 00100011 
 MDR: 00100011 
 ACC: 00000011 
 SP: 00000000 
 R: 11111111 
 Bus: 00000011

PC: 00001111 
 IR: 00110000 
 MAR: 00100011 
 MDR: 00000011 
 ACC: 00000011 
 SP: 00000000 
 R: 11111111 
 Bus: 00001111

PC: 00001111 
 IR: 00110000 
 MAR: 00001111 
 MDR: 00000011 
 ACC: 00000011 
 SP: 00000000 
 R: 11111111 
 Bus: zzzzzzzz

PC: 00010000 
 IR: 00110000 
 MAR: 00001111 
 MDR: 10010000 
 ACC: 00000011 
 SP: 00000000 
 R: 11111111 
 Bus: 10010000

PC: 00010000 
 IR: 10010000 
 MAR: 00001111 
 MDR: 10010000 
 ACC: 00000011 
 SP: 00000000 
 R: 11111111 
 Bus: zzzzzzzz

PC: 00010000 
 IR: 10010000 
 MAR: 00001111 
 MDR: 10010000 
 ACC: 00000011 
 SP: 00000000 
 R: 11111111 
 Bus: 00010000

PC: 00010000 
 IR: 10010000 
 MAR: 00010000 
 MDR: 10010000 
 ACC: 00000011 
 SP: 00000000 
 R: 11111111 
 Bus: zzzzzzzz

PC: 00010001 
 IR: 10010000 
 MAR: 00010000 
 MDR: 00000000 
 ACC: 00000011 
 SP: 00000000 
 R: 11111111 
 Bus: 00000000

PC: 00000000 
 IR: 10010000 
 MAR: 00010000 
 MDR: 00000000 
 ACC: 00000011 
 SP: 00000000 
 R: 11111111 
 Bus: 00000000

PC: 00000000 
 IR: 10010000 
 MAR: 00000000 
 MDR: 00000000 
 ACC: 00000011 
 SP: 00000000 
 R: 11111111 
 Bus: zzzzzzzz

PC: 00000001 
 IR: 10010000 
 MAR: 00000000 
 MDR: 00100000 
 ACC: 00000011 
 SP: 00000000 
 R: 11111111 
 Bus: 00100000

PC: 00000001 
 IR: 00100000 
 MAR: 00000000 
 MDR: 00100000 
 ACC: 00000011 
 SP: 00000000 
 R: 11111111 
 Bus: zzzzzzzz

PC: 00000001 
 IR: 00100000 
 MAR: 00000000 
 MDR: 00100000 
 ACC: 00000011 
 SP: 00000000 
 R: 11111111 
 Bus: 00000001

PC: 00000001 
 IR: 00100000 
 MAR: 00000001 
 MDR: 00100000 
 ACC: 00000011 
 SP: 00000000 
 R: 11111111 
 Bus: zzzzzzzz

PC: 00000010 
 IR: 00100000 
 MAR: 00000001 
 MDR: 00100011 
 ACC: 00000011 
 SP: 00000000 
 R: 11111111 
 Bus: 00100011

PC: 00000010 
 IR: 00100000 
 MAR: 00100011 
 MDR: 00100011 
 ACC: 00000011 
 SP: 00000000 
 R: 11111111 
 Bus: zzzzzzzz

PC: 00000010 
 IR: 00100000 
 MAR: 00100011 
 MDR: 00000011 
 ACC: 00000011 
 SP: 00000000 
 R: 11111111 
 Bus: 00000011

PC: 00000010 
 IR: 00100000 
 MAR: 00100011 
 MDR: 00000011 
 ACC: 00000011 
 SP: 00000000 
 R: 11111111 
 Bus: 00000010

PC: 00000010 
 IR: 00100000 
 MAR: 00000010 
 MDR: 00000011 
 ACC: 00000011 
 SP: 00000000 
 R: 11111111 
 Bus: zzzzzzzz

PC: 00000011 
 IR: 00100000 
 MAR: 00000010 
 MDR: 01000000 
 ACC: 00000011 
 SP: 00000000 
 R: 11111111 
 Bus: 01000000

PC: 00000011 
 IR: 01000000 
 MAR: 00000010 
 MDR: 01000000 
 ACC: 00000011 
 SP: 00000000 
 R: 11111111 
 Bus: zzzzzzzz

PC: 00000011 
 IR: 01000000 
 MAR: 00000010 
 MDR: 01000000 
 ACC: 00000011 
 SP: 00000000 
 R: 11111111 
 Bus: 00000011

PC: 00000011 
 IR: 01000000 
 MAR: 00000010 
 MDR: 01000000 
 ACC: 00000011 
 SP: 00000000 
 R: 00000011 
 Bus: 00000011

PC: 00000011 
 IR: 01000000 
 MAR: 00000011 
 MDR: 01000000 
 ACC: 00000011 
 SP: 00000000 
 R: 00000011 
 Bus: zzzzzzzz

PC: 00000100 
 IR: 01000000 
 MAR: 00000011 
 MDR: 00100000 
 ACC: 00000011 
 SP: 00000000 
 R: 00000011 
 Bus: 00100000

PC: 00000100 
 IR: 00100000 
 MAR: 00000011 
 MDR: 00100000 
 ACC: 00000011 
 SP: 00000000 
 R: 00000011 
 Bus: zzzzzzzz

PC: 00000100 
 IR: 00100000 
 MAR: 00000011 
 MDR: 00100000 
 ACC: 00000011 
 SP: 00000000 
 R: 00000011 
 Bus: 00000100

PC: 00000100 
 IR: 00100000 
 MAR: 00000100 
 MDR: 00100000 
 ACC: 00000011 
 SP: 00000000 
 R: 00000011 
 Bus: zzzzzzzz

PC: 00000101 
 IR: 00100000 
 MAR: 00000100 
 MDR: 00100100 
 ACC: 00000011 
 SP: 00000000 
 R: 00000011 
 Bus: 00100100

PC: 00000101 
 IR: 00100000 
 MAR: 00100100 
 MDR: 00100100 
 ACC: 00000011 
 SP: 00000000 
 R: 00000011 
 Bus: zzzzzzzz

PC: 00000101 
 IR: 00100000 
 MAR: 00100100 
 MDR: 00000100 
 ACC: 00000011 
 SP: 00000000 
 R: 00000011 
 Bus: 00000100

PC: 00000101 
 IR: 00100000 
 MAR: 00100100 
 MDR: 00000100 
 ACC: 00000100 
 SP: 00000000 
 R: 00000011 
 Bus: 00000101

PC: 00000101 
 IR: 00100000 
 MAR: 00000101 
 MDR: 00000100 
 ACC: 00000100 
 SP: 00000000 
 R: 00000011 
 Bus: zzzzzzzz

PC: 00000110 
 IR: 00100000 
 MAR: 00000101 
 MDR: 01010000 
 ACC: 00000100 
 SP: 00000000 
 R: 00000011 
 Bus: 01010000

PC: 00000110 
 IR: 01010000 
 MAR: 00000101 
 MDR: 01010000 
 ACC: 00000100 
 SP: 00000000 
 R: 00000011 
 Bus: zzzzzzzz

PC: 00000110 
 IR: 01010000 
 MAR: 00000101 
 MDR: 01010000 
 ACC: 00000100 
 SP: 00000000 
 R: 00000011 
 Bus: 00000011

PC: 00000110 
 IR: 01010000 
 MAR: 00000101 
 MDR: 01010000 
 ACC: 00000111 
 SP: 00000000 
 R: 00000011 
 Bus: 00000110

PC: 00000110 
 IR: 01010000 
 MAR: 00000110 
 MDR: 01010000 
 ACC: 00000111 
 SP: 00000000 
 R: 00000011 
 Bus: zzzzzzzz

PC: 00000111 
 IR: 01010000 
 MAR: 00000110 
 MDR: 00110000 
 ACC: 00000111 
 SP: 00000000 
 R: 00000011 
 Bus: 00110000

PC: 00000111 
 IR: 00110000 
 MAR: 00000110 
 MDR: 00110000 
 ACC: 00000111 
 SP: 00000000 
 R: 00000011 
 Bus: zzzzzzzz

PC: 00000111 
 IR: 00110000 
 MAR: 00000110 
 MDR: 00110000 
 ACC: 00000111 
 SP: 00000000 
 R: 00000011 
 Bus: 00000111

PC: 00000111 
 IR: 00110000 
 MAR: 00000111 
 MDR: 00110000 
 ACC: 00000111 
 SP: 00000000 
 R: 00000011 
 Bus: zzzzzzzz

PC: 00001000 
 IR: 00110000 
 MAR: 00000111 
 MDR: 00100100 
 ACC: 00000111 
 SP: 00000000 
 R: 00000011 
 Bus: 00100100

PC: 00001000 
 IR: 00110000 
 MAR: 00100100 
 MDR: 00100100 
 ACC: 00000111 
 SP: 00000000 
 R: 00000011 
 Bus: 00000111

PC: 00001000 
 IR: 00110000 
 MAR: 00100100 
 MDR: 00000111 
 ACC: 00000111 
 SP: 00000000 
 R: 00000011 
 Bus: 00001000

PC: 00001000 
 IR: 00110000 
 MAR: 00001000 
 MDR: 00000111 
 ACC: 00000111 
 SP: 00000000 
 R: 00000011 
 Bus: zzzzzzzz

PC: 00001001 
 IR: 00110000 
 MAR: 00001000 
 MDR: 00100000 
 ACC: 00000111 
 SP: 00000000 
 R: 00000011 
 Bus: 00100000

PC: 00001001 
 IR: 00100000 
 MAR: 00001000 
 MDR: 00100000 
 ACC: 00000111 
 SP: 00000000 
 R: 00000011 
 Bus: zzzzzzzz

PC: 00001001 
 IR: 00100000 
 MAR: 00001000 
 MDR: 00100000 
 ACC: 00000111 
 SP: 00000000 
 R: 00000011 
 Bus: 00001001

PC: 00001001 
 IR: 00100000 
 MAR: 00001001 
 MDR: 00100000 
 ACC: 00000111 
 SP: 00000000 
 R: 00000011 
 Bus: zzzzzzzz

PC: 00001010 
 IR: 00100000 
 MAR: 00001001 
 MDR: 00100011 
 ACC: 00000111 
 SP: 00000000 
 R: 00000011 
 Bus: 00100011

PC: 00001010 
 IR: 00100000 
 MAR: 00100011 
 MDR: 00100011 
 ACC: 00000111 
 SP: 00000000 
 R: 00000011 
 Bus: zzzzzzzz

PC: 00001010 
 IR: 00100000 
 MAR: 00100011 
 MDR: 00000011 
 ACC: 00000111 
 SP: 00000000 
 R: 00000011 
 Bus: 00000011

PC: 00001010 
 IR: 00100000 
 MAR: 00100011 
 MDR: 00000011 
 ACC: 00000011 
 SP: 00000000 
 R: 00000011 
 Bus: 00001010

PC: 00001010 
 IR: 00100000 
 MAR: 00001010 
 MDR: 00000011 
 ACC: 00000011 
 SP: 00000000 
 R: 00000011 
 Bus: zzzzzzzz

PC: 00001011 
 IR: 00100000 
 MAR: 00001010 
 MDR: 10100000 
 ACC: 00000011 
 SP: 00000000 
 R: 00000011 
 Bus: 10100000

PC: 00001011 
 IR: 10100000 
 MAR: 00001010 
 MDR: 10100000 
 ACC: 00000011 
 SP: 00000000 
 R: 00000011 
 Bus: zzzzzzzz

PC: 00001011 
 IR: 10100000 
 MAR: 00001010 
 MDR: 10100000 
 ACC: 00000011 
 SP: 00000000 
 R: 00000011 
 Bus: 00001011

PC: 00001011 
 IR: 10100000 
 MAR: 00001011 
 MDR: 10100000 
 ACC: 00000011 
 SP: 00000000 
 R: 00000011 
 Bus: zzzzzzzz

PC: 00001100 
 IR: 10100000 
 MAR: 00001011 
 MDR: 11111111 
 ACC: 00000011 
 SP: 00000000 
 R: 00000011 
 Bus: 11111111

PC: 00001100 
 IR: 10100000 
 MAR: 00001011 
 MDR: 11111111 
 ACC: 00000011 
 SP: 00000000 
 R: 11111111 
 Bus: 00001100

PC: 00001100 
 IR: 10100000 
 MAR: 00001100 
 MDR: 11111111 
 ACC: 00000011 
 SP: 00000000 
 R: 11111111 
 Bus: zzzzzzzz

PC: 00001101 
 IR: 10100000 
 MAR: 00001100 
 MDR: 01010000 
 ACC: 00000011 
 SP: 00000000 
 R: 11111111 
 Bus: 01010000

PC: 00001101 
 IR: 01010000 
 MAR: 00001100 
 MDR: 01010000 
 ACC: 00000011 
 SP: 00000000 
 R: 11111111 
 Bus: zzzzzzzz

PC: 00001101 
 IR: 01010000 
 MAR: 00001100 
 MDR: 01010000 
 ACC: 00000011 
 SP: 00000000 
 R: 11111111 
 Bus: 11111111

PC: 00001101 
 IR: 01010000 
 MAR: 00001100 
 MDR: 01010000 
 ACC: 00000010 
 SP: 00000000 
 R: 11111111 
 Bus: 00001101

PC: 00001101 
 IR: 01010000 
 MAR: 00001101 
 MDR: 01010000 
 ACC: 00000010 
 SP: 00000000 
 R: 11111111 
 Bus: zzzzzzzz

PC: 00001110 
 IR: 01010000 
 MAR: 00001101 
 MDR: 00110000 
 ACC: 00000010 
 SP: 00000000 
 R: 11111111 
 Bus: 00110000

PC: 00001110 
 IR: 00110000 
 MAR: 00001101 
 MDR: 00110000 
 ACC: 00000010 
 SP: 00000000 
 R: 11111111 
 Bus: zzzzzzzz

PC: 00001110 
 IR: 00110000 
 MAR: 00001101 
 MDR: 00110000 
 ACC: 00000010 
 SP: 00000000 
 R: 11111111 
 Bus: 00001110

PC: 00001110 
 IR: 00110000 
 MAR: 00001110 
 MDR: 00110000 
 ACC: 00000010 
 SP: 00000000 
 R: 11111111 
 Bus: zzzzzzzz

PC: 00001111 
 IR: 00110000 
 MAR: 00001110 
 MDR: 00100011 
 ACC: 00000010 
 SP: 00000000 
 R: 11111111 
 Bus: 00100011

PC: 00001111 
 IR: 00110000 
 MAR: 00100011 
 MDR: 00100011 
 ACC: 00000010 
 SP: 00000000 
 R: 11111111 
 Bus: 00000010

PC: 00001111 
 IR: 00110000 
 MAR: 00100011 
 MDR: 00000010 
 ACC: 00000010 
 SP: 00000000 
 R: 11111111 
 Bus: 00001111

PC: 00001111 
 IR: 00110000 
 MAR: 00001111 
 MDR: 00000010 
 ACC: 00000010 
 SP: 00000000 
 R: 11111111 
 Bus: zzzzzzzz

PC: 00010000 
 IR: 00110000 
 MAR: 00001111 
 MDR: 10010000 
 ACC: 00000010 
 SP: 00000000 
 R: 11111111 
 Bus: 10010000

PC: 00010000 
 IR: 10010000 
 MAR: 00001111 
 MDR: 10010000 
 ACC: 00000010 
 SP: 00000000 
 R: 11111111 
 Bus: zzzzzzzz

PC: 00010000 
 IR: 10010000 
 MAR: 00001111 
 MDR: 10010000 
 ACC: 00000010 
 SP: 00000000 
 R: 11111111 
 Bus: 00010000

PC: 00010000 
 IR: 10010000 
 MAR: 00010000 
 MDR: 10010000 
 ACC: 00000010 
 SP: 00000000 
 R: 11111111 
 Bus: zzzzzzzz

PC: 00010001 
 IR: 10010000 
 MAR: 00010000 
 MDR: 00000000 
 ACC: 00000010 
 SP: 00000000 
 R: 11111111 
 Bus: 00000000

PC: 00000000 
 IR: 10010000 
 MAR: 00010000 
 MDR: 00000000 
 ACC: 00000010 
 SP: 00000000 
 R: 11111111 
 Bus: 00000000

PC: 00000000 
 IR: 10010000 
 MAR: 00000000 
 MDR: 00000000 
 ACC: 00000010 
 SP: 00000000 
 R: 11111111 
 Bus: zzzzzzzz

PC: 00000001 
 IR: 10010000 
 MAR: 00000000 
 MDR: 00100000 
 ACC: 00000010 
 SP: 00000000 
 R: 11111111 
 Bus: 00100000

PC: 00000001 
 IR: 00100000 
 MAR: 00000000 
 MDR: 00100000 
 ACC: 00000010 
 SP: 00000000 
 R: 11111111 
 Bus: zzzzzzzz

PC: 00000001 
 IR: 00100000 
 MAR: 00000000 
 MDR: 00100000 
 ACC: 00000010 
 SP: 00000000 
 R: 11111111 
 Bus: 00000001

PC: 00000001 
 IR: 00100000 
 MAR: 00000001 
 MDR: 00100000 
 ACC: 00000010 
 SP: 00000000 
 R: 11111111 
 Bus: zzzzzzzz

PC: 00000010 
 IR: 00100000 
 MAR: 00000001 
 MDR: 00100011 
 ACC: 00000010 
 SP: 00000000 
 R: 11111111 
 Bus: 00100011

PC: 00000010 
 IR: 00100000 
 MAR: 00100011 
 MDR: 00100011 
 ACC: 00000010 
 SP: 00000000 
 R: 11111111 
 Bus: zzzzzzzz

PC: 00000010 
 IR: 00100000 
 MAR: 00100011 
 MDR: 00000010 
 ACC: 00000010 
 SP: 00000000 
 R: 11111111 
 Bus: 00000010

PC: 00000010 
 IR: 00100000 
 MAR: 00100011 
 MDR: 00000010 
 ACC: 00000010 
 SP: 00000000 
 R: 11111111 
 Bus: 00000010

PC: 00000010 
 IR: 00100000 
 MAR: 00000010 
 MDR: 00000010 
 ACC: 00000010 
 SP: 00000000 
 R: 11111111 
 Bus: zzzzzzzz

PC: 00000011 
 IR: 00100000 
 MAR: 00000010 
 MDR: 01000000 
 ACC: 00000010 
 SP: 00000000 
 R: 11111111 
 Bus: 01000000

PC: 00000011 
 IR: 01000000 
 MAR: 00000010 
 MDR: 01000000 
 ACC: 00000010 
 SP: 00000000 
 R: 11111111 
 Bus: zzzzzzzz

PC: 00000011 
 IR: 01000000 
 MAR: 00000010 
 MDR: 01000000 
 ACC: 00000010 
 SP: 00000000 
 R: 11111111 
 Bus: 00000010

PC: 00000011 
 IR: 01000000 
 MAR: 00000010 
 MDR: 01000000 
 ACC: 00000010 
 SP: 00000000 
 R: 00000010 
 Bus: 00000011

PC: 00000011 
 IR: 01000000 
 MAR: 00000011 
 MDR: 01000000 
 ACC: 00000010 
 SP: 00000000 
 R: 00000010 
 Bus: zzzzzzzz

PC: 00000100 
 IR: 01000000 
 MAR: 00000011 
 MDR: 00100000 
 ACC: 00000010 
 SP: 00000000 
 R: 00000010 
 Bus: 00100000

PC: 00000100 
 IR: 00100000 
 MAR: 00000011 
 MDR: 00100000 
 ACC: 00000010 
 SP: 00000000 
 R: 00000010 
 Bus: zzzzzzzz

PC: 00000100 
 IR: 00100000 
 MAR: 00000011 
 MDR: 00100000 
 ACC: 00000010 
 SP: 00000000 
 R: 00000010 
 Bus: 00000100

PC: 00000100 
 IR: 00100000 
 MAR: 00000100 
 MDR: 00100000 
 ACC: 00000010 
 SP: 00000000 
 R: 00000010 
 Bus: zzzzzzzz

PC: 00000101 
 IR: 00100000 
 MAR: 00000100 
 MDR: 00100100 
 ACC: 00000010 
 SP: 00000000 
 R: 00000010 
 Bus: 00100100

PC: 00000101 
 IR: 00100000 
 MAR: 00100100 
 MDR: 00100100 
 ACC: 00000010 
 SP: 00000000 
 R: 00000010 
 Bus: zzzzzzzz

PC: 00000101 
 IR: 00100000 
 MAR: 00100100 
 MDR: 00000111 
 ACC: 00000010 
 SP: 00000000 
 R: 00000010 
 Bus: 00000111

PC: 00000101 
 IR: 00100000 
 MAR: 00100100 
 MDR: 00000111 
 ACC: 00000111 
 SP: 00000000 
 R: 00000010 
 Bus: 00000101

PC: 00000101 
 IR: 00100000 
 MAR: 00000101 
 MDR: 00000111 
 ACC: 00000111 
 SP: 00000000 
 R: 00000010 
 Bus: zzzzzzzz

PC: 00000110 
 IR: 00100000 
 MAR: 00000101 
 MDR: 01010000 
 ACC: 00000111 
 SP: 00000000 
 R: 00000010 
 Bus: 01010000

PC: 00000110 
 IR: 01010000 
 MAR: 00000101 
 MDR: 01010000 
 ACC: 00000111 
 SP: 00000000 
 R: 00000010 
 Bus: zzzzzzzz

PC: 00000110 
 IR: 01010000 
 MAR: 00000101 
 MDR: 01010000 
 ACC: 00000111 
 SP: 00000000 
 R: 00000010 
 Bus: 00000010

PC: 00000110 
 IR: 01010000 
 MAR: 00000101 
 MDR: 01010000 
 ACC: 00001001 
 SP: 00000000 
 R: 00000010 
 Bus: 00000110

PC: 00000110 
 IR: 01010000 
 MAR: 00000110 
 MDR: 01010000 
 ACC: 00001001 
 SP: 00000000 
 R: 00000010 
 Bus: zzzzzzzz

PC: 00000111 
 IR: 01010000 
 MAR: 00000110 
 MDR: 00110000 
 ACC: 00001001 
 SP: 00000000 
 R: 00000010 
 Bus: 00110000

PC: 00000111 
 IR: 00110000 
 MAR: 00000110 
 MDR: 00110000 
 ACC: 00001001 
 SP: 00000000 
 R: 00000010 
 Bus: zzzzzzzz

PC: 00000111 
 IR: 00110000 
 MAR: 00000110 
 MDR: 00110000 
 ACC: 00001001 
 SP: 00000000 
 R: 00000010 
 Bus: 00000111

PC: 00000111 
 IR: 00110000 
 MAR: 00000111 
 MDR: 00110000 
 ACC: 00001001 
 SP: 00000000 
 R: 00000010 
 Bus: zzzzzzzz

PC: 00001000 
 IR: 00110000 
 MAR: 00000111 
 MDR: 00100100 
 ACC: 00001001 
 SP: 00000000 
 R: 00000010 
 Bus: 00100100

PC: 00001000 
 IR: 00110000 
 MAR: 00100100 
 MDR: 00100100 
 ACC: 00001001 
 SP: 00000000 
 R: 00000010 
 Bus: 00001001

PC: 00001000 
 IR: 00110000 
 MAR: 00100100 
 MDR: 00001001 
 ACC: 00001001 
 SP: 00000000 
 R: 00000010 
 Bus: 00001000

PC: 00001000 
 IR: 00110000 
 MAR: 00001000 
 MDR: 00001001 
 ACC: 00001001 
 SP: 00000000 
 R: 00000010 
 Bus: zzzzzzzz

PC: 00001001 
 IR: 00110000 
 MAR: 00001000 
 MDR: 00100000 
 ACC: 00001001 
 SP: 00000000 
 R: 00000010 
 Bus: 00100000

PC: 00001001 
 IR: 00100000 
 MAR: 00001000 
 MDR: 00100000 
 ACC: 00001001 
 SP: 00000000 
 R: 00000010 
 Bus: zzzzzzzz

PC: 00001001 
 IR: 00100000 
 MAR: 00001000 
 MDR: 00100000 
 ACC: 00001001 
 SP: 00000000 
 R: 00000010 
 Bus: 00001001

PC: 00001001 
 IR: 00100000 
 MAR: 00001001 
 MDR: 00100000 
 ACC: 00001001 
 SP: 00000000 
 R: 00000010 
 Bus: zzzzzzzz

PC: 00001010 
 IR: 00100000 
 MAR: 00001001 
 MDR: 00100011 
 ACC: 00001001 
 SP: 00000000 
 R: 00000010 
 Bus: 00100011

PC: 00001010 
 IR: 00100000 
 MAR: 00100011 
 MDR: 00100011 
 ACC: 00001001 
 SP: 00000000 
 R: 00000010 
 Bus: zzzzzzzz

PC: 00001010 
 IR: 00100000 
 MAR: 00100011 
 MDR: 00000010 
 ACC: 00001001 
 SP: 00000000 
 R: 00000010 
 Bus: 00000010

PC: 00001010 
 IR: 00100000 
 MAR: 00100011 
 MDR: 00000010 
 ACC: 00000010 
 SP: 00000000 
 R: 00000010 
 Bus: 00001010

PC: 00001010 
 IR: 00100000 
 MAR: 00001010 
 MDR: 00000010 
 ACC: 00000010 
 SP: 00000000 
 R: 00000010 
 Bus: zzzzzzzz

PC: 00001011 
 IR: 00100000 
 MAR: 00001010 
 MDR: 10100000 
 ACC: 00000010 
 SP: 00000000 
 R: 00000010 
 Bus: 10100000

PC: 00001011 
 IR: 10100000 
 MAR: 00001010 
 MDR: 10100000 
 ACC: 00000010 
 SP: 00000000 
 R: 00000010 
 Bus: zzzzzzzz

PC: 00001011 
 IR: 10100000 
 MAR: 00001010 
 MDR: 10100000 
 ACC: 00000010 
 SP: 00000000 
 R: 00000010 
 Bus: 00001011

PC: 00001011 
 IR: 10100000 
 MAR: 00001011 
 MDR: 10100000 
 ACC: 00000010 
 SP: 00000000 
 R: 00000010 
 Bus: zzzzzzzz

PC: 00001100 
 IR: 10100000 
 MAR: 00001011 
 MDR: 11111111 
 ACC: 00000010 
 SP: 00000000 
 R: 00000010 
 Bus: 11111111

PC: 00001100 
 IR: 10100000 
 MAR: 00001011 
 MDR: 11111111 
 ACC: 00000010 
 SP: 00000000 
 R: 11111111 
 Bus: 00001100

PC: 00001100 
 IR: 10100000 
 MAR: 00001100 
 MDR: 11111111 
 ACC: 00000010 
 SP: 00000000 
 R: 11111111 
 Bus: zzzzzzzz

PC: 00001101 
 IR: 10100000 
 MAR: 00001100 
 MDR: 01010000 
 ACC: 00000010 
 SP: 00000000 
 R: 11111111 
 Bus: 01010000

PC: 00001101 
 IR: 01010000 
 MAR: 00001100 
 MDR: 01010000 
 ACC: 00000010 
 SP: 00000000 
 R: 11111111 
 Bus: zzzzzzzz

PC: 00001101 
 IR: 01010000 
 MAR: 00001100 
 MDR: 01010000 
 ACC: 00000010 
 SP: 00000000 
 R: 11111111 
 Bus: 11111111

PC: 00001101 
 IR: 01010000 
 MAR: 00001100 
 MDR: 01010000 
 ACC: 00000001 
 SP: 00000000 
 R: 11111111 
 Bus: 00001101

PC: 00001101 
 IR: 01010000 
 MAR: 00001101 
 MDR: 01010000 
 ACC: 00000001 
 SP: 00000000 
 R: 11111111 
 Bus: zzzzzzzz

PC: 00001110 
 IR: 01010000 
 MAR: 00001101 
 MDR: 00110000 
 ACC: 00000001 
 SP: 00000000 
 R: 11111111 
 Bus: 00110000

PC: 00001110 
 IR: 00110000 
 MAR: 00001101 
 MDR: 00110000 
 ACC: 00000001 
 SP: 00000000 
 R: 11111111 
 Bus: zzzzzzzz

PC: 00001110 
 IR: 00110000 
 MAR: 00001101 
 MDR: 00110000 
 ACC: 00000001 
 SP: 00000000 
 R: 11111111 
 Bus: 00001110

PC: 00001110 
 IR: 00110000 
 MAR: 00001110 
 MDR: 00110000 
 ACC: 00000001 
 SP: 00000000 
 R: 11111111 
 Bus: zzzzzzzz

PC: 00001111 
 IR: 00110000 
 MAR: 00001110 
 MDR: 00100011 
 ACC: 00000001 
 SP: 00000000 
 R: 11111111 
 Bus: 00100011

PC: 00001111 
 IR: 00110000 
 MAR: 00100011 
 MDR: 00100011 
 ACC: 00000001 
 SP: 00000000 
 R: 11111111 
 Bus: 00000001

PC: 00001111 
 IR: 00110000 
 MAR: 00100011 
 MDR: 00000001 
 ACC: 00000001 
 SP: 00000000 
 R: 11111111 
 Bus: 00001111

PC: 00001111 
 IR: 00110000 
 MAR: 00001111 
 MDR: 00000001 
 ACC: 00000001 
 SP: 00000000 
 R: 11111111 
 Bus: zzzzzzzz

PC: 00010000 
 IR: 00110000 
 MAR: 00001111 
 MDR: 10010000 
 ACC: 00000001 
 SP: 00000000 
 R: 11111111 
 Bus: 10010000

PC: 00010000 
 IR: 10010000 
 MAR: 00001111 
 MDR: 10010000 
 ACC: 00000001 
 SP: 00000000 
 R: 11111111 
 Bus: zzzzzzzz

PC: 00010000 
 IR: 10010000 
 MAR: 00001111 
 MDR: 10010000 
 ACC: 00000001 
 SP: 00000000 
 R: 11111111 
 Bus: 00010000

PC: 00010000 
 IR: 10010000 
 MAR: 00010000 
 MDR: 10010000 
 ACC: 00000001 
 SP: 00000000 
 R: 11111111 
 Bus: zzzzzzzz

PC: 00010001 
 IR: 10010000 
 MAR: 00010000 
 MDR: 00000000 
 ACC: 00000001 
 SP: 00000000 
 R: 11111111 
 Bus: 00000000

PC: 00000000 
 IR: 10010000 
 MAR: 00010000 
 MDR: 00000000 
 ACC: 00000001 
 SP: 00000000 
 R: 11111111 
 Bus: 00000000

PC: 00000000 
 IR: 10010000 
 MAR: 00000000 
 MDR: 00000000 
 ACC: 00000001 
 SP: 00000000 
 R: 11111111 
 Bus: zzzzzzzz

PC: 00000001 
 IR: 10010000 
 MAR: 00000000 
 MDR: 00100000 
 ACC: 00000001 
 SP: 00000000 
 R: 11111111 
 Bus: 00100000

PC: 00000001 
 IR: 00100000 
 MAR: 00000000 
 MDR: 00100000 
 ACC: 00000001 
 SP: 00000000 
 R: 11111111 
 Bus: zzzzzzzz

PC: 00000001 
 IR: 00100000 
 MAR: 00000000 
 MDR: 00100000 
 ACC: 00000001 
 SP: 00000000 
 R: 11111111 
 Bus: 00000001

PC: 00000001 
 IR: 00100000 
 MAR: 00000001 
 MDR: 00100000 
 ACC: 00000001 
 SP: 00000000 
 R: 11111111 
 Bus: zzzzzzzz

PC: 00000010 
 IR: 00100000 
 MAR: 00000001 
 MDR: 00100011 
 ACC: 00000001 
 SP: 00000000 
 R: 11111111 
 Bus: 00100011

PC: 00000010 
 IR: 00100000 
 MAR: 00100011 
 MDR: 00100011 
 ACC: 00000001 
 SP: 00000000 
 R: 11111111 
 Bus: zzzzzzzz

PC: 00000010 
 IR: 00100000 
 MAR: 00100011 
 MDR: 00000001 
 ACC: 00000001 
 SP: 00000000 
 R: 11111111 
 Bus: 00000001

PC: 00000010 
 IR: 00100000 
 MAR: 00100011 
 MDR: 00000001 
 ACC: 00000001 
 SP: 00000000 
 R: 11111111 
 Bus: 00000010

PC: 00000010 
 IR: 00100000 
 MAR: 00000010 
 MDR: 00000001 
 ACC: 00000001 
 SP: 00000000 
 R: 11111111 
 Bus: zzzzzzzz

PC: 00000011 
 IR: 00100000 
 MAR: 00000010 
 MDR: 01000000 
 ACC: 00000001 
 SP: 00000000 
 R: 11111111 
 Bus: 01000000

PC: 00000011 
 IR: 01000000 
 MAR: 00000010 
 MDR: 01000000 
 ACC: 00000001 
 SP: 00000000 
 R: 11111111 
 Bus: zzzzzzzz

PC: 00000011 
 IR: 01000000 
 MAR: 00000010 
 MDR: 01000000 
 ACC: 00000001 
 SP: 00000000 
 R: 11111111 
 Bus: 00000001

PC: 00000011 
 IR: 01000000 
 MAR: 00000010 
 MDR: 01000000 
 ACC: 00000001 
 SP: 00000000 
 R: 00000001 
 Bus: 00000011

PC: 00000011 
 IR: 01000000 
 MAR: 00000011 
 MDR: 01000000 
 ACC: 00000001 
 SP: 00000000 
 R: 00000001 
 Bus: zzzzzzzz

PC: 00000100 
 IR: 01000000 
 MAR: 00000011 
 MDR: 00100000 
 ACC: 00000001 
 SP: 00000000 
 R: 00000001 
 Bus: 00100000

PC: 00000100 
 IR: 00100000 
 MAR: 00000011 
 MDR: 00100000 
 ACC: 00000001 
 SP: 00000000 
 R: 00000001 
 Bus: zzzzzzzz

PC: 00000100 
 IR: 00100000 
 MAR: 00000011 
 MDR: 00100000 
 ACC: 00000001 
 SP: 00000000 
 R: 00000001 
 Bus: 00000100

PC: 00000100 
 IR: 00100000 
 MAR: 00000100 
 MDR: 00100000 
 ACC: 00000001 
 SP: 00000000 
 R: 00000001 
 Bus: zzzzzzzz

PC: 00000101 
 IR: 00100000 
 MAR: 00000100 
 MDR: 00100100 
 ACC: 00000001 
 SP: 00000000 
 R: 00000001 
 Bus: 00100100

PC: 00000101 
 IR: 00100000 
 MAR: 00100100 
 MDR: 00100100 
 ACC: 00000001 
 SP: 00000000 
 R: 00000001 
 Bus: zzzzzzzz

PC: 00000101 
 IR: 00100000 
 MAR: 00100100 
 MDR: 00001001 
 ACC: 00000001 
 SP: 00000000 
 R: 00000001 
 Bus: 00001001

PC: 00000101 
 IR: 00100000 
 MAR: 00100100 
 MDR: 00001001 
 ACC: 00001001 
 SP: 00000000 
 R: 00000001 
 Bus: 00000101

PC: 00000101 
 IR: 00100000 
 MAR: 00000101 
 MDR: 00001001 
 ACC: 00001001 
 SP: 00000000 
 R: 00000001 
 Bus: zzzzzzzz

PC: 00000110 
 IR: 00100000 
 MAR: 00000101 
 MDR: 01010000 
 ACC: 00001001 
 SP: 00000000 
 R: 00000001 
 Bus: 01010000

PC: 00000110 
 IR: 01010000 
 MAR: 00000101 
 MDR: 01010000 
 ACC: 00001001 
 SP: 00000000 
 R: 00000001 
 Bus: zzzzzzzz

PC: 00000110 
 IR: 01010000 
 MAR: 00000101 
 MDR: 01010000 
 ACC: 00001001 
 SP: 00000000 
 R: 00000001 
 Bus: 00000001

PC: 00000110 
 IR: 01010000 
 MAR: 00000101 
 MDR: 01010000 
 ACC: 00001010 
 SP: 00000000 
 R: 00000001 
 Bus: 00000110

PC: 00000110 
 IR: 01010000 
 MAR: 00000110 
 MDR: 01010000 
 ACC: 00001010 
 SP: 00000000 
 R: 00000001 
 Bus: zzzzzzzz

PC: 00000111 
 IR: 01010000 
 MAR: 00000110 
 MDR: 00110000 
 ACC: 00001010 
 SP: 00000000 
 R: 00000001 
 Bus: 00110000

PC: 00000111 
 IR: 00110000 
 MAR: 00000110 
 MDR: 00110000 
 ACC: 00001010 
 SP: 00000000 
 R: 00000001 
 Bus: zzzzzzzz

PC: 00000111 
 IR: 00110000 
 MAR: 00000110 
 MDR: 00110000 
 ACC: 00001010 
 SP: 00000000 
 R: 00000001 
 Bus: 00000111

PC: 00000111 
 IR: 00110000 
 MAR: 00000111 
 MDR: 00110000 
 ACC: 00001010 
 SP: 00000000 
 R: 00000001 
 Bus: zzzzzzzz

PC: 00001000 
 IR: 00110000 
 MAR: 00000111 
 MDR: 00100100 
 ACC: 00001010 
 SP: 00000000 
 R: 00000001 
 Bus: 00100100

PC: 00001000 
 IR: 00110000 
 MAR: 00100100 
 MDR: 00100100 
 ACC: 00001010 
 SP: 00000000 
 R: 00000001 
 Bus: 00001010

PC: 00001000 
 IR: 00110000 
 MAR: 00100100 
 MDR: 00001010 
 ACC: 00001010 
 SP: 00000000 
 R: 00000001 
 Bus: 00001000

PC: 00001000 
 IR: 00110000 
 MAR: 00001000 
 MDR: 00001010 
 ACC: 00001010 
 SP: 00000000 
 R: 00000001 
 Bus: zzzzzzzz

PC: 00001001 
 IR: 00110000 
 MAR: 00001000 
 MDR: 00100000 
 ACC: 00001010 
 SP: 00000000 
 R: 00000001 
 Bus: 00100000

PC: 00001001 
 IR: 00100000 
 MAR: 00001000 
 MDR: 00100000 
 ACC: 00001010 
 SP: 00000000 
 R: 00000001 
 Bus: zzzzzzzz

PC: 00001001 
 IR: 00100000 
 MAR: 00001000 
 MDR: 00100000 
 ACC: 00001010 
 SP: 00000000 
 R: 00000001 
 Bus: 00001001

PC: 00001001 
 IR: 00100000 
 MAR: 00001001 
 MDR: 00100000 
 ACC: 00001010 
 SP: 00000000 
 R: 00000001 
 Bus: zzzzzzzz

PC: 00001010 
 IR: 00100000 
 MAR: 00001001 
 MDR: 00100011 
 ACC: 00001010 
 SP: 00000000 
 R: 00000001 
 Bus: 00100011

PC: 00001010 
 IR: 00100000 
 MAR: 00100011 
 MDR: 00100011 
 ACC: 00001010 
 SP: 00000000 
 R: 00000001 
 Bus: zzzzzzzz

PC: 00001010 
 IR: 00100000 
 MAR: 00100011 
 MDR: 00000001 
 ACC: 00001010 
 SP: 00000000 
 R: 00000001 
 Bus: 00000001

PC: 00001010 
 IR: 00100000 
 MAR: 00100011 
 MDR: 00000001 
 ACC: 00000001 
 SP: 00000000 
 R: 00000001 
 Bus: 00001010

PC: 00001010 
 IR: 00100000 
 MAR: 00001010 
 MDR: 00000001 
 ACC: 00000001 
 SP: 00000000 
 R: 00000001 
 Bus: zzzzzzzz

PC: 00001011 
 IR: 00100000 
 MAR: 00001010 
 MDR: 10100000 
 ACC: 00000001 
 SP: 00000000 
 R: 00000001 
 Bus: 10100000

PC: 00001011 
 IR: 10100000 
 MAR: 00001010 
 MDR: 10100000 
 ACC: 00000001 
 SP: 00000000 
 R: 00000001 
 Bus: zzzzzzzz

PC: 00001011 
 IR: 10100000 
 MAR: 00001010 
 MDR: 10100000 
 ACC: 00000001 
 SP: 00000000 
 R: 00000001 
 Bus: 00001011

PC: 00001011 
 IR: 10100000 
 MAR: 00001011 
 MDR: 10100000 
 ACC: 00000001 
 SP: 00000000 
 R: 00000001 
 Bus: zzzzzzzz

PC: 00001100 
 IR: 10100000 
 MAR: 00001011 
 MDR: 11111111 
 ACC: 00000001 
 SP: 00000000 
 R: 00000001 
 Bus: 11111111

PC: 00001100 
 IR: 10100000 
 MAR: 00001011 
 MDR: 11111111 
 ACC: 00000001 
 SP: 00000000 
 R: 11111111 
 Bus: 00001100

PC: 00001100 
 IR: 10100000 
 MAR: 00001100 
 MDR: 11111111 
 ACC: 00000001 
 SP: 00000000 
 R: 11111111 
 Bus: zzzzzzzz

PC: 00001101 
 IR: 10100000 
 MAR: 00001100 
 MDR: 01010000 
 ACC: 00000001 
 SP: 00000000 
 R: 11111111 
 Bus: 01010000

PC: 00001101 
 IR: 01010000 
 MAR: 00001100 
 MDR: 01010000 
 ACC: 00000001 
 SP: 00000000 
 R: 11111111 
 Bus: zzzzzzzz

PC: 00001101 
 IR: 01010000 
 MAR: 00001100 
 MDR: 01010000 
 ACC: 00000001 
 SP: 00000000 
 R: 11111111 
 Bus: 11111111

PC: 00001101 
 IR: 01010000 
 MAR: 00001100 
 MDR: 01010000 
 ACC: 00000000 
 SP: 00000000 
 R: 11111111 
 Bus: 00001101

PC: 00001101 
 IR: 01010000 
 MAR: 00001101 
 MDR: 01010000 
 ACC: 00000000 
 SP: 00000000 
 R: 11111111 
 Bus: zzzzzzzz

PC: 00001110 
 IR: 01010000 
 MAR: 00001101 
 MDR: 00110000 
 ACC: 00000000 
 SP: 00000000 
 R: 11111111 
 Bus: 00110000

PC: 00001110 
 IR: 00110000 
 MAR: 00001101 
 MDR: 00110000 
 ACC: 00000000 
 SP: 00000000 
 R: 11111111 
 Bus: zzzzzzzz

PC: 00001110 
 IR: 00110000 
 MAR: 00001101 
 MDR: 00110000 
 ACC: 00000000 
 SP: 00000000 
 R: 11111111 
 Bus: 00001110

PC: 00001110 
 IR: 00110000 
 MAR: 00001110 
 MDR: 00110000 
 ACC: 00000000 
 SP: 00000000 
 R: 11111111 
 Bus: zzzzzzzz

PC: 00001111 
 IR: 00110000 
 MAR: 00001110 
 MDR: 00100011 
 ACC: 00000000 
 SP: 00000000 
 R: 11111111 
 Bus: 00100011

PC: 00001111 
 IR: 00110000 
 MAR: 00100011 
 MDR: 00100011 
 ACC: 00000000 
 SP: 00000000 
 R: 11111111 
 Bus: 00000000

PC: 00001111 
 IR: 00110000 
 MAR: 00100011 
 MDR: 00000000 
 ACC: 00000000 
 SP: 00000000 
 R: 11111111 
 Bus: 00001111

PC: 00001111 
 IR: 00110000 
 MAR: 00001111 
 MDR: 00000000 
 ACC: 00000000 
 SP: 00000000 
 R: 11111111 
 Bus: zzzzzzzz

PC: 00010000 
 IR: 00110000 
 MAR: 00001111 
 MDR: 10010000 
 ACC: 00000000 
 SP: 00000000 
 R: 11111111 
 Bus: 10010000

PC: 00010000 
 IR: 10010000 
 MAR: 00001111 
 MDR: 10010000 
 ACC: 00000000 
 SP: 00000000 
 R: 11111111 
 Bus: zzzzzzzz

PC: 00010000 
 IR: 10010000 
 MAR: 00001111 
 MDR: 10010000 
 ACC: 00000000 
 SP: 00000000 
 R: 11111111 
 Bus: 00010000

PC: 00010000 
 IR: 10010000 
 MAR: 00010000 
 MDR: 10010000 
 ACC: 00000000 
 SP: 00000000 
 R: 11111111 
 Bus: zzzzzzzz

PC: 00010001 
 IR: 10010000 
 MAR: 00010000 
 MDR: 00000000 
 ACC: 00000000 
 SP: 00000000 
 R: 11111111 
 Bus: 00010001

PC: 00010001 
 IR: 10010000 
 MAR: 00010001 
 MDR: 00000000 
 ACC: 00000000 
 SP: 00000000 
 R: 11111111 
 Bus: zzzzzzzz

PC: 00010010 
 IR: 10010000 
 MAR: 00010001 
 MDR: 10000000 
 ACC: 00000000 
 SP: 00000000 
 R: 11111111 
 Bus: 10000000

PC: 00010010 
 IR: 10000000 
 MAR: 00010001 
 MDR: 10000000 
 ACC: 00000000 
 SP: 00000000 
 R: 11111111 
 Bus: zzzzzzzz

PC: 00010010 
 IR: 10000000 
 MAR: 00010001 
 MDR: 10000000 
 ACC: 00000000 
 SP: 00000000 
 R: 11111111 
 Bus: 00010010

PC: 00010010 
 IR: 10000000 
 MAR: 00010010 
 MDR: 10000000 
 ACC: 00000000 
 SP: 00000000 
 R: 11111111 
 Bus: zzzzzzzz

PC: 00010011 
 IR: 10000000 
 MAR: 00010010 
 MDR: 00011011 
 ACC: 00000000 
 SP: 00000000 
 R: 11111111 
 Bus: 00011011

PC: 00011011 
 IR: 10000000 
 MAR: 00010010 
 MDR: 00011011 
 ACC: 00000000 
 SP: 00000000 
 R: 11111111 
 Bus: 00011011

PC: 00011011 
 IR: 10000000 
 MAR: 00011011 
 MDR: 00011011 
 ACC: 00000000 
 SP: 00000000 
 R: 11111111 
 Bus: zzzzzzzz

PC: 00011100 
 IR: 10000000 
 MAR: 00011011 
 MDR: 10100000 
 ACC: 00000000 
 SP: 00000000 
 R: 11111111 
 Bus: 10100000

PC: 00011100 
 IR: 10100000 
 MAR: 00011011 
 MDR: 10100000 
 ACC: 00000000 
 SP: 00000000 
 R: 11111111 
 Bus: zzzzzzzz

PC: 00011100 
 IR: 10100000 
 MAR: 00011011 
 MDR: 10100000 
 ACC: 00000000 
 SP: 00000000 
 R: 11111111 
 Bus: 00011100

PC: 00011100 
 IR: 10100000 
 MAR: 00011100 
 MDR: 10100000 
 ACC: 00000000 
 SP: 00000000 
 R: 11111111 
 Bus: zzzzzzzz

PC: 00011101 
 IR: 10100000 
 MAR: 00011100 
 MDR: 00000000 
 ACC: 00000000 
 SP: 00000000 
 R: 11111111 
 Bus: 00000000

PC: 00011101 
 IR: 10100000 
 MAR: 00011100 
 MDR: 00000000 
 ACC: 00000000 
 SP: 00000000 
 R: 00000000 
 Bus: 00011101

PC: 00011101 
 IR: 10100000 
 MAR: 00011101 
 MDR: 00000000 
 ACC: 00000000 
 SP: 00000000 
 R: 00000000 
 Bus: zzzzzzzz

PC: 00011110 
 IR: 10100000 
 MAR: 00011101 
 MDR: 01100000 
 ACC: 00000000 
 SP: 00000000 
 R: 00000000 
 Bus: 01100000

PC: 00011110 
 IR: 01100000 
 MAR: 00011101 
 MDR: 01100000 
 ACC: 00000000 
 SP: 00000000 
 R: 00000000 
 Bus: zzzzzzzz

PC: 00011110 
 IR: 01100000 
 MAR: 00011101 
 MDR: 01100000 
 ACC: 00000000 
 SP: 00000000 
 R: 00000000 
 Bus: 00000000

PC: 00011110 
 IR: 01100000 
 MAR: 00011101 
 MDR: 01100000 
 ACC: 00000000 
 SP: 00000000 
 R: 00000000 
 Bus: 00011110

PC: 00011110 
 IR: 01100000 
 MAR: 00011110 
 MDR: 01100000 
 ACC: 00000000 
 SP: 00000000 
 R: 00000000 
 Bus: zzzzzzzz

PC: 00011111 
 IR: 01100000 
 MAR: 00011110 
 MDR: 10100000 
 ACC: 00000000 
 SP: 00000000 
 R: 00000000 
 Bus: 10100000

PC: 00011111 
 IR: 10100000 
 MAR: 00011110 
 MDR: 10100000 
 ACC: 00000000 
 SP: 00000000 
 R: 00000000 
 Bus: zzzzzzzz

PC: 00011111 
 IR: 10100000 
 MAR: 00011110 
 MDR: 10100000 
 ACC: 00000000 
 SP: 00000000 
 R: 00000000 
 Bus: 00011111

PC: 00011111 
 IR: 10100000 
 MAR: 00011111 
 MDR: 10100000 
 ACC: 00000000 
 SP: 00000000 
 R: 00000000 
 Bus: zzzzzzzz

PC: 00100000 
 IR: 10100000 
 MAR: 00011111 
 MDR: 11111111 
 ACC: 00000000 
 SP: 00000000 
 R: 00000000 
 Bus: 11111111

PC: 00100000 
 IR: 10100000 
 MAR: 00011111 
 MDR: 11111111 
 ACC: 00000000 
 SP: 00000000 
 R: 11111111 
 Bus: 00100000

PC: 00100000 
 IR: 10100000 
 MAR: 00100000 
 MDR: 11111111 
 ACC: 00000000 
 SP: 00000000 
 R: 11111111 
 Bus: zzzzzzzz

PC: 00100001 
 IR: 10100000 
 MAR: 00100000 
 MDR: 01010000 
 ACC: 00000000 
 SP: 00000000 
 R: 11111111 
 Bus: 01010000

PC: 00100001 
 IR: 01010000 
 MAR: 00100000 
 MDR: 01010000 
 ACC: 00000000 
 SP: 00000000 
 R: 11111111 
 Bus: zzzzzzzz

PC: 00100001 
 IR: 01010000 
 MAR: 00100000 
 MDR: 01010000 
 ACC: 00000000 
 SP: 00000000 
 R: 11111111 
 Bus: 11111111

PC: 00100001 
 IR: 01010000 
 MAR: 00100000 
 MDR: 01010000 
 ACC: 11111111 
 SP: 00000000 
 R: 11111111 
 Bus: 00100001

PC: 00100001 
 IR: 01010000 
 MAR: 00100001 
 MDR: 01010000 
 ACC: 11111111 
 SP: 00000000 
 R: 11111111 
 Bus: zzzzzzzz

PC: 00100010 
 IR: 01010000 
 MAR: 00100001 
 MDR: 00110000 
 ACC: 11111111 
 SP: 00000000 
 R: 11111111 
 Bus: 00110000

PC: 00100010 
 IR: 00110000 
 MAR: 00100001 
 MDR: 00110000 
 ACC: 11111111 
 SP: 00000000 
 R: 11111111 
 Bus: zzzzzzzz

PC: 00100010 
 IR: 00110000 
 MAR: 00100001 
 MDR: 00110000 
 ACC: 11111111 
 SP: 00000000 
 R: 11111111 
 Bus: 00100010

PC: 00100010 
 IR: 00110000 
 MAR: 00100010 
 MDR: 00110000 
 ACC: 11111111 
 SP: 00000000 
 R: 11111111 
 Bus: zzzzzzzz

PC: 00100011 
 IR: 00110000 
 MAR: 00100010 
 MDR: 00100101 
 ACC: 11111111 
 SP: 00000000 
 R: 11111111 
 Bus: 00100101

PC: 00100011 
 IR: 00110000 
 MAR: 00100101 
 MDR: 00100101 
 ACC: 11111111 
 SP: 00000000 
 R: 11111111 
 Bus: 11111111

PC: 00100011 
 IR: 00110000 
 MAR: 00100101 
 MDR: 11111111 
 ACC: 11111111 
 SP: 00000000 
 R: 11111111 
 Bus: 00100011

Gooooooooooooooooooood! Finally Here! 4+3+2+1= 10
