Vivado Simulator 2018.3
Time resolution is 1 ps
========进行仲裁测试（计数起始点0）========
======从计数起始点开始的循环模式======
共有1个设备提起请求
请求状态：设备3(0);设备2(0);设备1(0);设备0(1)
本次设备0将得到总线控制权
========进行仲裁测试（计数起始点0）========
======从计数起始点开始的循环模式======
共有1个设备提起请求
请求状态：设备3(0);设备2(0);设备1(0);设备0(1)
本次设备0将得到总线控制权
已超出等待时间上限，本样例未通过
========进行仲裁测试（计数起始点1）========
======从计数起始点开始的循环模式======
共有1个设备提起请求
请求状态：设备3(0);设备2(0);设备1(0);设备0(1)
本次设备0将得到总线控制权
已超出等待时间上限，本样例未通过
========进行仲裁测试（计数起始点2）========
======从计数起始点开始的循环模式======
共有1个设备提起请求
请求状态：设备3(0);设备2(0);设备1(0);设备0(1)
本次设备0将得到总线控制权
                7489时刻，设备0已得到响应
                7512时刻，设备0完成总线访问，请求已撤出
========进行仲裁测试（计数起始点3）========
======从计数起始点开始的循环模式======
共有1个设备提起请求
请求状态：设备3(0);设备2(0);设备1(0);设备0(1)
本次设备0将得到总线控制权
               10000时刻，设备0已得到响应
               10023时刻，设备0完成总线访问，请求已撤出
========进行仲裁测试（计数起始点0）========
======从终止点开始的循环模式======
共有1个设备提起请求
请求状态：设备3(0);设备2(0);设备1(0);设备0(1)
本次设备0将得到总线控制权
               12511时刻，设备0已得到响应
               12534时刻，设备0完成总线访问，请求已撤出
========进行仲裁测试（计数起始点1）========
======从终止点开始的循环模式======
共有1个设备提起请求
请求状态：设备3(0);设备2(0);设备1(0);设备0(1)
本次设备0将得到总线控制权
               15022时刻，设备0已得到响应
               15045时刻，设备0完成总线访问，请求已撤出
========进行仲裁测试（计数起始点2）========
======从终止点开始的循环模式======
共有1个设备提起请求
请求状态：设备3(0);设备2(0);设备1(0);设备0(1)
本次设备0将得到总线控制权
               17533时刻，设备0已得到响应
               17556时刻，设备0完成总线访问，请求已撤出
========进行仲裁测试（计数起始点3）========
======从终止点开始的循环模式======
共有1个设备提起请求
请求状态：设备3(0);设备2(0);设备1(0);设备0(1)
本次设备0将得到总线控制权
               20044时刻，设备0已得到响应
               20067时刻，设备0完成总线访问，请求已撤出
========进行仲裁测试（计数起始点0）========
======从计数起始点开始的循环模式======
共有1个设备提起请求
请求状态：设备3(0);设备2(0);设备1(1);设备0(0)
本次设备1将得到总线控制权
               22555时刻，设备1已得到响应
               22578时刻，设备1完成总线访问，请求已撤出
========进行仲裁测试（计数起始点1）========
======从计数起始点开始的循环模式======
共有1个设备提起请求
请求状态：设备3(0);设备2(0);设备1(1);设备0(0)
本次设备1将得到总线控制权
               25066时刻，设备1已得到响应
               25089时刻，设备1完成总线访问，请求已撤出
========进行仲裁测试（计数起始点2）========
======从计数起始点开始的循环模式======
共有1个设备提起请求
请求状态：设备3(0);设备2(0);设备1(1);设备0(0)
本次设备1将得到总线控制权
               27577时刻，设备1已得到响应
               27600时刻，设备1完成总线访问，请求已撤出
========进行仲裁测试（计数起始点3）========
======从计数起始点开始的循环模式======
共有1个设备提起请求
请求状态：设备3(0);设备2(0);设备1(1);设备0(0)
本次设备1将得到总线控制权
               30088时刻，设备1已得到响应
               30111时刻，设备1完成总线访问，请求已撤出
========进行仲裁测试（计数起始点0）========
======从终止点开始的循环模式======
共有1个设备提起请求
请求状态：设备3(0);设备2(0);设备1(1);设备0(0)
本次设备1将得到总线控制权
               32599时刻，设备1已得到响应
               32622时刻，设备1完成总线访问，请求已撤出
========进行仲裁测试（计数起始点1）========
======从终止点开始的循环模式======
共有1个设备提起请求
请求状态：设备3(0);设备2(0);设备1(1);设备0(0)
本次设备1将得到总线控制权
               35110时刻，设备1已得到响应
               35133时刻，设备1完成总线访问，请求已撤出
========进行仲裁测试（计数起始点2）========
======从终止点开始的循环模式======
共有1个设备提起请求
请求状态：设备3(0);设备2(0);设备1(1);设备0(0)
本次设备1将得到总线控制权
               37621时刻，设备1已得到响应
               37644时刻，设备1完成总线访问，请求已撤出
========进行仲裁测试（计数起始点3）========
======从终止点开始的循环模式======
共有1个设备提起请求
请求状态：设备3(0);设备2(0);设备1(1);设备0(0)
本次设备1将得到总线控制权
               40132时刻，设备1已得到响应
               40155时刻，设备1完成总线访问，请求已撤出
========进行仲裁测试（计数起始点0）========
======从计数起始点开始的循环模式======
共有1个设备提起请求
请求状态：设备3(0);设备2(1);设备1(0);设备0(0)
本次设备2将得到总线控制权
               42643时刻，设备2已得到响应
               42666时刻，设备2完成总线访问，请求已撤出
========进行仲裁测试（计数起始点1）========
======从计数起始点开始的循环模式======
共有1个设备提起请求
请求状态：设备3(0);设备2(1);设备1(0);设备0(0)
本次设备2将得到总线控制权
               45154时刻，设备2已得到响应
               45177时刻，设备2完成总线访问，请求已撤出
========进行仲裁测试（计数起始点2）========
======从计数起始点开始的循环模式======
共有1个设备提起请求
请求状态：设备3(0);设备2(1);设备1(0);设备0(0)
本次设备2将得到总线控制权
               47665时刻，设备2已得到响应
               47688时刻，设备2完成总线访问，请求已撤出
========进行仲裁测试（计数起始点3）========
======从计数起始点开始的循环模式======
共有1个设备提起请求
请求状态：设备3(0);设备2(1);设备1(0);设备0(0)
本次设备2将得到总线控制权
               50176时刻，设备2已得到响应
               50199时刻，设备2完成总线访问，请求已撤出
========进行仲裁测试（计数起始点0）========
======从终止点开始的循环模式======
共有1个设备提起请求
请求状态：设备3(0);设备2(1);设备1(0);设备0(0)
本次设备2将得到总线控制权
               52687时刻，设备2已得到响应
               52710时刻，设备2完成总线访问，请求已撤出
========进行仲裁测试（计数起始点1）========
======从终止点开始的循环模式======
共有1个设备提起请求
请求状态：设备3(0);设备2(1);设备1(0);设备0(0)
本次设备2将得到总线控制权
               55198时刻，设备2已得到响应
               55221时刻，设备2完成总线访问，请求已撤出
========进行仲裁测试（计数起始点2）========
======从终止点开始的循环模式======
共有1个设备提起请求
请求状态：设备3(0);设备2(1);设备1(0);设备0(0)
本次设备2将得到总线控制权
               57709时刻，设备2已得到响应
               57732时刻，设备2完成总线访问，请求已撤出
========进行仲裁测试（计数起始点3）========
======从终止点开始的循环模式======
共有1个设备提起请求
请求状态：设备3(0);设备2(1);设备1(0);设备0(0)
本次设备2将得到总线控制权
               60220时刻，设备2已得到响应
               60243时刻，设备2完成总线访问，请求已撤出
========进行仲裁测试（计数起始点0）========
======从计数起始点开始的循环模式======
共有1个设备提起请求
请求状态：设备3(1);设备2(0);设备1(0);设备0(0)
本次设备3将得到总线控制权
               62731时刻，设备3已得到响应
               62754时刻，设备3完成总线访问，请求已撤出
========进行仲裁测试（计数起始点1）========
======从计数起始点开始的循环模式======
共有1个设备提起请求
请求状态：设备3(1);设备2(0);设备1(0);设备0(0)
本次设备3将得到总线控制权
               65242时刻，设备3已得到响应
               65265时刻，设备3完成总线访问，请求已撤出
========进行仲裁测试（计数起始点2）========
======从计数起始点开始的循环模式======
共有1个设备提起请求
请求状态：设备3(1);设备2(0);设备1(0);设备0(0)
本次设备3将得到总线控制权
               67753时刻，设备3已得到响应
               67776时刻，设备3完成总线访问，请求已撤出
========进行仲裁测试（计数起始点3）========
======从计数起始点开始的循环模式======
共有1个设备提起请求
请求状态：设备3(1);设备2(0);设备1(0);设备0(0)
本次设备3将得到总线控制权
               70264时刻，设备3已得到响应
               70287时刻，设备3完成总线访问，请求已撤出
========进行仲裁测试（计数起始点0）========
======从终止点开始的循环模式======
共有1个设备提起请求
请求状态：设备3(1);设备2(0);设备1(0);设备0(0)
本次设备3将得到总线控制权
               72775时刻，设备3已得到响应
               72798时刻，设备3完成总线访问，请求已撤出
========进行仲裁测试（计数起始点1）========
======从终止点开始的循环模式======
共有1个设备提起请求
请求状态：设备3(1);设备2(0);设备1(0);设备0(0)
本次设备3将得到总线控制权
               75286时刻，设备3已得到响应
               75309时刻，设备3完成总线访问，请求已撤出
========进行仲裁测试（计数起始点2）========
======从终止点开始的循环模式======
共有1个设备提起请求
请求状态：设备3(1);设备2(0);设备1(0);设备0(0)
本次设备3将得到总线控制权
               77797时刻，设备3已得到响应
               77820时刻，设备3完成总线访问，请求已撤出
========进行仲裁测试（计数起始点3）========
======从终止点开始的循环模式======
共有1个设备提起请求
请求状态：设备3(1);设备2(0);设备1(0);设备0(0)
本次设备3将得到总线控制权
               80308时刻，设备3已得到响应
               80331时刻，设备3完成总线访问，请求已撤出
========进行仲裁测试（计数起始点0）========
======从计数起始点开始的循环模式======
共有2个设备提起请求
请求状态：设备3(0);设备2(0);设备1(1);设备0(1)
本次设备0将得到总线控制权
               82819时刻，设备0已得到响应
               82842时刻，设备0完成总线访问，请求已撤出
请求状态：设备3(0);设备2(0);设备1(1);设备0(0)
本次设备1将得到总线控制权
               85175时刻，设备1已得到响应
               85198时刻，设备1完成总线访问，请求已撤出
========进行仲裁测试（计数起始点1）========
======从计数起始点开始的循环模式======
共有2个设备提起请求
请求状态：设备3(0);设备2(0);设备1(1);设备0(1)
本次设备1将得到总线控制权
               87686时刻，设备1已得到响应
               87709时刻，设备1完成总线访问，请求已撤出
请求状态：设备3(0);设备2(0);设备1(0);设备0(1)
本次设备0将得到总线控制权
               90042时刻，设备0已得到响应
               90065时刻，设备0完成总线访问，请求已撤出
========进行仲裁测试（计数起始点2）========
======从计数起始点开始的循环模式======
共有2个设备提起请求
请求状态：设备3(0);设备2(0);设备1(1);设备0(1)
本次设备0将得到总线控制权
               92553时刻，设备0已得到响应
               92576时刻，设备0完成总线访问，请求已撤出
请求状态：设备3(0);设备2(0);设备1(1);设备0(0)
本次设备1将得到总线控制权
               94909时刻，设备1已得到响应
               94932时刻，设备1完成总线访问，请求已撤出
========进行仲裁测试（计数起始点3）========
======从计数起始点开始的循环模式======
共有2个设备提起请求
请求状态：设备3(0);设备2(0);设备1(1);设备0(1)
本次设备0将得到总线控制权
               97420时刻，设备0已得到响应
               97443时刻，设备0完成总线访问，请求已撤出
请求状态：设备3(0);设备2(0);设备1(1);设备0(0)
本次设备1将得到总线控制权
               99776时刻，设备1已得到响应
               99799时刻，设备1完成总线访问，请求已撤出
========进行仲裁测试（计数起始点0）========
======从终止点开始的循环模式======
共有2个设备提起请求
请求状态：设备3(0);设备2(0);设备1(1);设备0(1)
本次设备0将得到总线控制权
              102287时刻，设备0已得到响应
              102310时刻，设备0完成总线访问，请求已撤出
请求状态：设备3(0);设备2(0);设备1(1);设备0(0)
本次设备1将得到总线控制权
              104643时刻，设备1已得到响应
              104666时刻，设备1完成总线访问，请求已撤出
========进行仲裁测试（计数起始点1）========
======从终止点开始的循环模式======
共有2个设备提起请求
请求状态：设备3(0);设备2(0);设备1(1);设备0(1)
本次设备1将得到总线控制权
已超出等待时间上限，本样例未通过
请求状态：设备3(0);设备2(0);设备1(1);设备0(1)
本次设备0将得到总线控制权
              109487时刻，设备0已得到响应
              109510时刻，设备0完成总线访问，请求已撤出
========进行仲裁测试（计数起始点2）========
======从终止点开始的循环模式======
共有2个设备提起请求
请求状态：设备3(0);设备2(0);设备1(1);设备0(1)
本次设备0将得到总线控制权
              111998时刻，设备0已得到响应
              112021时刻，设备0完成总线访问，请求已撤出
请求状态：设备3(0);设备2(0);设备1(1);设备0(0)
本次设备1将得到总线控制权
              114354时刻，设备1已得到响应
              114377时刻，设备1完成总线访问，请求已撤出
========进行仲裁测试（计数起始点3）========
======从终止点开始的循环模式======
共有2个设备提起请求
请求状态：设备3(0);设备2(0);设备1(1);设备0(1)
本次设备0将得到总线控制权
              116865时刻，设备0已得到响应
              116888时刻，设备0完成总线访问，请求已撤出
请求状态：设备3(0);设备2(0);设备1(1);设备0(0)
本次设备1将得到总线控制权
              119221时刻，设备1已得到响应
              119244时刻，设备1完成总线访问，请求已撤出
========进行仲裁测试（计数起始点0）========
======从计数起始点开始的循环模式======
共有2个设备提起请求
请求状态：设备3(0);设备2(1);设备1(0);设备0(1)
本次设备0将得到总线控制权
              121732时刻，设备0已得到响应
              121755时刻，设备0完成总线访问，请求已撤出
请求状态：设备3(0);设备2(1);设备1(0);设备0(0)
本次设备2将得到总线控制权
              124088时刻，设备2已得到响应
              124111时刻，设备2完成总线访问，请求已撤出
========进行仲裁测试（计数起始点1）========
======从计数起始点开始的循环模式======
共有2个设备提起请求
请求状态：设备3(0);设备2(1);设备1(0);设备0(1)
本次设备2将得到总线控制权
已超出等待时间上限，本样例未通过
请求状态：设备3(0);设备2(1);设备1(0);设备0(1)
本次设备0将得到总线控制权
              128932时刻，设备0已得到响应
              128955时刻，设备0完成总线访问，请求已撤出
========进行仲裁测试（计数起始点2）========
======从计数起始点开始的循环模式======
共有2个设备提起请求
请求状态：设备3(0);设备2(1);设备1(0);设备0(1)
本次设备2将得到总线控制权
              131443时刻，设备2已得到响应
              131466时刻，设备2完成总线访问，请求已撤出
请求状态：设备3(0);设备2(0);设备1(0);设备0(1)
本次设备0将得到总线控制权
              133799时刻，设备0已得到响应
              133822时刻，设备0完成总线访问，请求已撤出
========进行仲裁测试（计数起始点3）========
======从计数起始点开始的循环模式======
共有2个设备提起请求
请求状态：设备3(0);设备2(1);设备1(0);设备0(1)
本次设备0将得到总线控制权
              136310时刻，设备0已得到响应
              136333时刻，设备0完成总线访问，请求已撤出
请求状态：设备3(0);设备2(1);设备1(0);设备0(0)
本次设备2将得到总线控制权
              138666时刻，设备2已得到响应
              138689时刻，设备2完成总线访问，请求已撤出
========进行仲裁测试（计数起始点0）========
======从终止点开始的循环模式======
共有2个设备提起请求
请求状态：设备3(0);设备2(1);设备1(0);设备0(1)
本次设备0将得到总线控制权
              141177时刻，设备0已得到响应
              141200时刻，设备0完成总线访问，请求已撤出
请求状态：设备3(0);设备2(1);设备1(0);设备0(0)
本次设备2将得到总线控制权
              143533时刻，设备2已得到响应
              143556时刻，设备2完成总线访问，请求已撤出
========进行仲裁测试（计数起始点1）========
======从终止点开始的循环模式======
共有2个设备提起请求
请求状态：设备3(0);设备2(1);设备1(0);设备0(1)
本次设备2将得到总线控制权
              146044时刻，设备2已得到响应
              146067时刻，设备2完成总线访问，请求已撤出
请求状态：设备3(0);设备2(0);设备1(0);设备0(1)
本次设备0将得到总线控制权
              148400时刻，设备0已得到响应
              148423时刻，设备0完成总线访问，请求已撤出
========进行仲裁测试（计数起始点2）========
======从终止点开始的循环模式======
共有2个设备提起请求
请求状态：设备3(0);设备2(1);设备1(0);设备0(1)
本次设备2将得到总线控制权
              150911时刻，设备2已得到响应
              150934时刻，设备2完成总线访问，请求已撤出
请求状态：设备3(0);设备2(0);设备1(0);设备0(1)
本次设备0将得到总线控制权
              153267时刻，设备0已得到响应
              153290时刻，设备0完成总线访问，请求已撤出
========进行仲裁测试（计数起始点3）========
======从终止点开始的循环模式======
共有2个设备提起请求
请求状态：设备3(0);设备2(1);设备1(0);设备0(1)
本次设备0将得到总线控制权
              155778时刻，设备0已得到响应
              155801时刻，设备0完成总线访问，请求已撤出
请求状态：设备3(0);设备2(1);设备1(0);设备0(0)
本次设备2将得到总线控制权
              158134时刻，设备2已得到响应
              158157时刻，设备2完成总线访问，请求已撤出
========进行仲裁测试（计数起始点0）========
======从计数起始点开始的循环模式======
共有2个设备提起请求
请求状态：设备3(1);设备2(0);设备1(0);设备0(1)
本次设备0将得到总线控制权
              160645时刻，设备0已得到响应
              160668时刻，设备0完成总线访问，请求已撤出
请求状态：设备3(1);设备2(0);设备1(0);设备0(0)
本次设备3将得到总线控制权
              163001时刻，设备3已得到响应
              163024时刻，设备3完成总线访问，请求已撤出
========进行仲裁测试（计数起始点1）========
======从计数起始点开始的循环模式======
共有2个设备提起请求
请求状态：设备3(1);设备2(0);设备1(0);设备0(1)
本次设备3将得到总线控制权
              165512时刻，设备3已得到响应
              165535时刻，设备3完成总线访问，请求已撤出
请求状态：设备3(0);设备2(0);设备1(0);设备0(1)
本次设备0将得到总线控制权
              167868时刻，设备0已得到响应
              167891时刻，设备0完成总线访问，请求已撤出
========进行仲裁测试（计数起始点2）========
======从计数起始点开始的循环模式======
共有2个设备提起请求
请求状态：设备3(1);设备2(0);设备1(0);设备0(1)
本次设备3将得到总线控制权
              170379时刻，设备3已得到响应
              170402时刻，设备3完成总线访问，请求已撤出
请求状态：设备3(0);设备2(0);设备1(0);设备0(1)
本次设备0将得到总线控制权
              172735时刻，设备0已得到响应
              172758时刻，设备0完成总线访问，请求已撤出
========进行仲裁测试（计数起始点3）========
======从计数起始点开始的循环模式======
共有2个设备提起请求
请求状态：设备3(1);设备2(0);设备1(0);设备0(1)
本次设备3将得到总线控制权
              175246时刻，设备3已得到响应
              175269时刻，设备3完成总线访问，请求已撤出
请求状态：设备3(0);设备2(0);设备1(0);设备0(1)
本次设备0将得到总线控制权
              177602时刻，设备0已得到响应
              177625时刻，设备0完成总线访问，请求已撤出
========进行仲裁测试（计数起始点0）========
======从终止点开始的循环模式======
共有2个设备提起请求
请求状态：设备3(1);设备2(0);设备1(0);设备0(1)
本次设备0将得到总线控制权
              180113时刻，设备0已得到响应
              180136时刻，设备0完成总线访问，请求已撤出
请求状态：设备3(1);设备2(0);设备1(0);设备0(0)
本次设备3将得到总线控制权
              182469时刻，设备3已得到响应
              182492时刻，设备3完成总线访问，请求已撤出
========进行仲裁测试（计数起始点1）========
======从终止点开始的循环模式======
共有2个设备提起请求
请求状态：设备3(1);设备2(0);设备1(0);设备0(1)
本次设备3将得到总线控制权
已超出等待时间上限，本样例未通过
请求状态：设备3(1);设备2(0);设备1(0);设备0(1)
本次设备0将得到总线控制权
              187313时刻，设备0已得到响应
              187336时刻，设备0完成总线访问，请求已撤出
========进行仲裁测试（计数起始点2）========
======从终止点开始的循环模式======
共有2个设备提起请求
请求状态：设备3(1);设备2(0);设备1(0);设备0(1)
本次设备3将得到总线控制权
              189824时刻，设备3已得到响应
              189847时刻，设备3完成总线访问，请求已撤出
请求状态：设备3(0);设备2(0);设备1(0);设备0(1)
本次设备0将得到总线控制权
              192180时刻，设备0已得到响应
              192203时刻，设备0完成总线访问，请求已撤出
========进行仲裁测试（计数起始点3）========
======从终止点开始的循环模式======
共有2个设备提起请求
请求状态：设备3(1);设备2(0);设备1(0);设备0(1)
本次设备3将得到总线控制权
              194691时刻，设备3已得到响应
              194714时刻，设备3完成总线访问，请求已撤出
请求状态：设备3(0);设备2(0);设备1(0);设备0(1)
本次设备0将得到总线控制权
              197047时刻，设备0已得到响应
              197070时刻，设备0完成总线访问，请求已撤出
========进行仲裁测试（计数起始点0）========
======从计数起始点开始的循环模式======
共有2个设备提起请求
请求状态：设备3(0);设备2(1);设备1(1);设备0(0)
本次设备1将得到总线控制权
              199558时刻，设备1已得到响应
              199581时刻，设备1完成总线访问，请求已撤出
请求状态：设备3(0);设备2(1);设备1(0);设备0(0)
本次设备2将得到总线控制权
              201914时刻，设备2已得到响应
              201937时刻，设备2完成总线访问，请求已撤出
========进行仲裁测试（计数起始点1）========
======从计数起始点开始的循环模式======
共有2个设备提起请求
请求状态：设备3(0);设备2(1);设备1(1);设备0(0)
本次设备1将得到总线控制权
              204425时刻，设备1已得到响应
              204448时刻，设备1完成总线访问，请求已撤出
请求状态：设备3(0);设备2(1);设备1(0);设备0(0)
本次设备2将得到总线控制权
              206781时刻，设备2已得到响应
              206804时刻，设备2完成总线访问，请求已撤出
========进行仲裁测试（计数起始点2）========
======从计数起始点开始的循环模式======
共有2个设备提起请求
请求状态：设备3(0);设备2(1);设备1(1);设备0(0)
本次设备2将得到总线控制权
              209292时刻，设备2已得到响应
              209315时刻，设备2完成总线访问，请求已撤出
请求状态：设备3(0);设备2(0);设备1(1);设备0(0)
本次设备1将得到总线控制权
              211648时刻，设备1已得到响应
              211671时刻，设备1完成总线访问，请求已撤出
========进行仲裁测试（计数起始点3）========
======从计数起始点开始的循环模式======
共有2个设备提起请求
请求状态：设备3(0);设备2(1);设备1(1);设备0(0)
本次设备1将得到总线控制权
              214159时刻，设备1已得到响应
              214182时刻，设备1完成总线访问，请求已撤出
请求状态：设备3(0);设备2(1);设备1(0);设备0(0)
本次设备2将得到总线控制权
              216515时刻，设备2已得到响应
              216538时刻，设备2完成总线访问，请求已撤出
========进行仲裁测试（计数起始点0）========
======从终止点开始的循环模式======
共有2个设备提起请求
请求状态：设备3(0);设备2(1);设备1(1);设备0(0)
本次设备1将得到总线控制权
              219026时刻，设备1已得到响应
              219049时刻，设备1完成总线访问，请求已撤出
请求状态：设备3(0);设备2(1);设备1(0);设备0(0)
本次设备2将得到总线控制权
              221382时刻，设备2已得到响应
              221405时刻，设备2完成总线访问，请求已撤出
========进行仲裁测试（计数起始点1）========
======从终止点开始的循环模式======
共有2个设备提起请求
请求状态：设备3(0);设备2(1);设备1(1);设备0(0)
本次设备1将得到总线控制权
              223893时刻，设备1已得到响应
              223916时刻，设备1完成总线访问，请求已撤出
请求状态：设备3(0);设备2(1);设备1(0);设备0(0)
本次设备2将得到总线控制权
              226249时刻，设备2已得到响应
              226272时刻，设备2完成总线访问，请求已撤出
========进行仲裁测试（计数起始点2）========
======从终止点开始的循环模式======
共有2个设备提起请求
请求状态：设备3(0);设备2(1);设备1(1);设备0(0)
本次设备2将得到总线控制权
              228760时刻，设备2已得到响应
              228783时刻，设备2完成总线访问，请求已撤出
请求状态：设备3(0);设备2(0);设备1(1);设备0(0)
本次设备1将得到总线控制权
              231116时刻，设备1已得到响应
              231139时刻，设备1完成总线访问，请求已撤出
========进行仲裁测试（计数起始点3）========
======从终止点开始的循环模式======
共有2个设备提起请求
请求状态：设备3(0);设备2(1);设备1(1);设备0(0)
本次设备1将得到总线控制权
已超出等待时间上限，本样例未通过
请求状态：设备3(0);设备2(1);设备1(1);设备0(0)
本次设备2将得到总线控制权
              235960时刻，设备2已得到响应
              235983时刻，设备2完成总线访问，请求已撤出
========进行仲裁测试（计数起始点0）========
======从计数起始点开始的循环模式======
共有2个设备提起请求
请求状态：设备3(1);设备2(0);设备1(1);设备0(0)
本次设备1将得到总线控制权
              238471时刻，设备1已得到响应
              238494时刻，设备1完成总线访问，请求已撤出
请求状态：设备3(1);设备2(0);设备1(0);设备0(0)
本次设备3将得到总线控制权
              240827时刻，设备3已得到响应
              240850时刻，设备3完成总线访问，请求已撤出
========进行仲裁测试（计数起始点1）========
======从计数起始点开始的循环模式======
共有2个设备提起请求
请求状态：设备3(1);设备2(0);设备1(1);设备0(0)
本次设备1将得到总线控制权
              243338时刻，设备1已得到响应
              243361时刻，设备1完成总线访问，请求已撤出
请求状态：设备3(1);设备2(0);设备1(0);设备0(0)
本次设备3将得到总线控制权
              245694时刻，设备3已得到响应
              245717时刻，设备3完成总线访问，请求已撤出
========进行仲裁测试（计数起始点2）========
======从计数起始点开始的循环模式======
共有2个设备提起请求
请求状态：设备3(1);设备2(0);设备1(1);设备0(0)
本次设备3将得到总线控制权
              248205时刻，设备3已得到响应
              248228时刻，设备3完成总线访问，请求已撤出
请求状态：设备3(0);设备2(0);设备1(1);设备0(0)
本次设备1将得到总线控制权
              250561时刻，设备1已得到响应
              250584时刻，设备1完成总线访问，请求已撤出
========进行仲裁测试（计数起始点3）========
======从计数起始点开始的循环模式======
共有2个设备提起请求
请求状态：设备3(1);设备2(0);设备1(1);设备0(0)
本次设备3将得到总线控制权
              253072时刻，设备3已得到响应
              253095时刻，设备3完成总线访问，请求已撤出
请求状态：设备3(0);设备2(0);设备1(1);设备0(0)
本次设备1将得到总线控制权
              255428时刻，设备1已得到响应
              255451时刻，设备1完成总线访问，请求已撤出
========进行仲裁测试（计数起始点0）========
======从终止点开始的循环模式======
共有2个设备提起请求
请求状态：设备3(1);设备2(0);设备1(1);设备0(0)
本次设备1将得到总线控制权
              257939时刻，设备1已得到响应
              257962时刻，设备1完成总线访问，请求已撤出
请求状态：设备3(1);设备2(0);设备1(0);设备0(0)
本次设备3将得到总线控制权
              260295时刻，设备3已得到响应
              260318时刻，设备3完成总线访问，请求已撤出
========进行仲裁测试（计数起始点1）========
======从终止点开始的循环模式======
共有2个设备提起请求
请求状态：设备3(1);设备2(0);设备1(1);设备0(0)
本次设备1将得到总线控制权
              262806时刻，设备1已得到响应
              262829时刻，设备1完成总线访问，请求已撤出
请求状态：设备3(1);设备2(0);设备1(0);设备0(0)
本次设备3将得到总线控制权
              265162时刻，设备3已得到响应
              265185时刻，设备3完成总线访问，请求已撤出
========进行仲裁测试（计数起始点2）========
======从终止点开始的循环模式======
共有2个设备提起请求
请求状态：设备3(1);设备2(0);设备1(1);设备0(0)
本次设备3将得到总线控制权
              267673时刻，设备3已得到响应
              267696时刻，设备3完成总线访问，请求已撤出
请求状态：设备3(0);设备2(0);设备1(1);设备0(0)
本次设备1将得到总线控制权
              270029时刻，设备1已得到响应
              270052时刻，设备1完成总线访问，请求已撤出
========进行仲裁测试（计数起始点3）========
======从终止点开始的循环模式======
共有2个设备提起请求
请求状态：设备3(1);设备2(0);设备1(1);设备0(0)
本次设备3将得到总线控制权
              272540时刻，设备3已得到响应
              272563时刻，设备3完成总线访问，请求已撤出
请求状态：设备3(0);设备2(0);设备1(1);设备0(0)
本次设备1将得到总线控制权
              274896时刻，设备1已得到响应
              274919时刻，设备1完成总线访问，请求已撤出
========进行仲裁测试（计数起始点0）========
======从计数起始点开始的循环模式======
共有2个设备提起请求
请求状态：设备3(1);设备2(1);设备1(0);设备0(0)
本次设备2将得到总线控制权
              277407时刻，设备2已得到响应
              277430时刻，设备2完成总线访问，请求已撤出
请求状态：设备3(1);设备2(0);设备1(0);设备0(0)
本次设备3将得到总线控制权
              279763时刻，设备3已得到响应
              279786时刻，设备3完成总线访问，请求已撤出
========进行仲裁测试（计数起始点1）========
======从计数起始点开始的循环模式======
共有2个设备提起请求
请求状态：设备3(1);设备2(1);设备1(0);设备0(0)
本次设备2将得到总线控制权
              282274时刻，设备2已得到响应
              282297时刻，设备2完成总线访问，请求已撤出
请求状态：设备3(1);设备2(0);设备1(0);设备0(0)
本次设备3将得到总线控制权
              284630时刻，设备3已得到响应
              284653时刻，设备3完成总线访问，请求已撤出
========进行仲裁测试（计数起始点2）========
======从计数起始点开始的循环模式======
共有2个设备提起请求
请求状态：设备3(1);设备2(1);设备1(0);设备0(0)
本次设备2将得到总线控制权
              287141时刻，设备2已得到响应
              287164时刻，设备2完成总线访问，请求已撤出
请求状态：设备3(1);设备2(0);设备1(0);设备0(0)
本次设备3将得到总线控制权
              289497时刻，设备3已得到响应
              289520时刻，设备3完成总线访问，请求已撤出
========进行仲裁测试（计数起始点3）========
======从计数起始点开始的循环模式======
共有2个设备提起请求
请求状态：设备3(1);设备2(1);设备1(0);设备0(0)
本次设备3将得到总线控制权
              292008时刻，设备3已得到响应
              292031时刻，设备3完成总线访问，请求已撤出
请求状态：设备3(0);设备2(1);设备1(0);设备0(0)
本次设备2将得到总线控制权
              294364时刻，设备2已得到响应
              294387时刻，设备2完成总线访问，请求已撤出
========进行仲裁测试（计数起始点0）========
======从终止点开始的循环模式======
共有2个设备提起请求
请求状态：设备3(1);设备2(1);设备1(0);设备0(0)
本次设备2将得到总线控制权
              296875时刻，设备2已得到响应
              296898时刻，设备2完成总线访问，请求已撤出
请求状态：设备3(1);设备2(0);设备1(0);设备0(0)
本次设备3将得到总线控制权
              299231时刻，设备3已得到响应
              299254时刻，设备3完成总线访问，请求已撤出
========进行仲裁测试（计数起始点1）========
======从终止点开始的循环模式======
共有2个设备提起请求
请求状态：设备3(1);设备2(1);设备1(0);设备0(0)
本次设备2将得到总线控制权
              301742时刻，设备2已得到响应
              301765时刻，设备2完成总线访问，请求已撤出
请求状态：设备3(1);设备2(0);设备1(0);设备0(0)
本次设备3将得到总线控制权
              304098时刻，设备3已得到响应
              304121时刻，设备3完成总线访问，请求已撤出
========进行仲裁测试（计数起始点2）========
======从终止点开始的循环模式======
共有2个设备提起请求
请求状态：设备3(1);设备2(1);设备1(0);设备0(0)
本次设备2将得到总线控制权
              306609时刻，设备2已得到响应
              306632时刻，设备2完成总线访问，请求已撤出
请求状态：设备3(1);设备2(0);设备1(0);设备0(0)
本次设备3将得到总线控制权
              308965时刻，设备3已得到响应
              308988时刻，设备3完成总线访问，请求已撤出
========进行仲裁测试（计数起始点3）========
======从终止点开始的循环模式======
共有2个设备提起请求
请求状态：设备3(1);设备2(1);设备1(0);设备0(0)
本次设备3将得到总线控制权
已超出等待时间上限，本样例未通过
请求状态：设备3(1);设备2(1);设备1(0);设备0(0)
本次设备2将得到总线控制权
              313809时刻，设备2已得到响应
              313832时刻，设备2完成总线访问，请求已撤出
========进行仲裁测试（计数起始点0）========
======从计数起始点开始的循环模式======
共有3个设备提起请求
请求状态：设备3(0);设备2(1);设备1(1);设备0(1)
本次设备0将得到总线控制权
              316320时刻，设备0已得到响应
              316343时刻，设备0完成总线访问，请求已撤出
请求状态：设备3(0);设备2(1);设备1(1);设备0(0)
本次设备1将得到总线控制权
              318676时刻，设备1已得到响应
              318699时刻，设备1完成总线访问，请求已撤出
请求状态：设备3(0);设备2(1);设备1(0);设备0(0)
本次设备2将得到总线控制权
              321032时刻，设备2已得到响应
              321055时刻，设备2完成总线访问，请求已撤出
========进行仲裁测试（计数起始点1）========
======从计数起始点开始的循环模式======
共有3个设备提起请求
请求状态：设备3(0);设备2(1);设备1(1);设备0(1)
本次设备1将得到总线控制权
              323543时刻，设备1已得到响应
              323566时刻，设备1完成总线访问，请求已撤出
请求状态：设备3(0);设备2(1);设备1(0);设备0(1)
本次设备2将得到总线控制权
              325899时刻，设备2已得到响应
              325922时刻，设备2完成总线访问，请求已撤出
请求状态：设备3(0);设备2(0);设备1(0);设备0(1)
本次设备0将得到总线控制权
              328255时刻，设备0已得到响应
              328278时刻，设备0完成总线访问，请求已撤出
========进行仲裁测试（计数起始点2）========
======从计数起始点开始的循环模式======
共有3个设备提起请求
请求状态：设备3(0);设备2(1);设备1(1);设备0(1)
本次设备2将得到总线控制权
              330766时刻，设备2已得到响应
              330789时刻，设备2完成总线访问，请求已撤出
请求状态：设备3(0);设备2(0);设备1(1);设备0(1)
本次设备0将得到总线控制权
              333122时刻，设备0已得到响应
              333145时刻，设备0完成总线访问，请求已撤出
请求状态：设备3(0);设备2(0);设备1(1);设备0(0)
本次设备1将得到总线控制权
              335478时刻，设备1已得到响应
              335501时刻，设备1完成总线访问，请求已撤出
========进行仲裁测试（计数起始点3）========
======从计数起始点开始的循环模式======
共有3个设备提起请求
请求状态：设备3(0);设备2(1);设备1(1);设备0(1)
本次设备0将得到总线控制权
              337989时刻，设备0已得到响应
              338012时刻，设备0完成总线访问，请求已撤出
请求状态：设备3(0);设备2(1);设备1(1);设备0(0)
本次设备1将得到总线控制权
              340345时刻，设备1已得到响应
              340368时刻，设备1完成总线访问，请求已撤出
请求状态：设备3(0);设备2(1);设备1(0);设备0(0)
本次设备2将得到总线控制权
              342701时刻，设备2已得到响应
              342724时刻，设备2完成总线访问，请求已撤出
========进行仲裁测试（计数起始点0）========
======从终止点开始的循环模式======
共有3个设备提起请求
请求状态：设备3(0);设备2(1);设备1(1);设备0(1)
本次设备0将得到总线控制权
              345212时刻，设备0已得到响应
              345235时刻，设备0完成总线访问，请求已撤出
请求状态：设备3(0);设备2(1);设备1(1);设备0(0)
本次设备1将得到总线控制权
              347568时刻，设备1已得到响应
              347591时刻，设备1完成总线访问，请求已撤出
请求状态：设备3(0);设备2(1);设备1(0);设备0(0)
本次设备2将得到总线控制权
              349924时刻，设备2已得到响应
              349947时刻，设备2完成总线访问，请求已撤出
========进行仲裁测试（计数起始点1）========
======从终止点开始的循环模式======
共有3个设备提起请求
请求状态：设备3(0);设备2(1);设备1(1);设备0(1)
本次设备1将得到总线控制权
已超出等待时间上限，本样例未通过
请求状态：设备3(0);设备2(1);设备1(1);设备0(1)
本次设备2将得到总线控制权
已超出等待时间上限，本样例未通过
请求状态：设备3(0);设备2(1);设备1(1);设备0(1)
本次设备0将得到总线控制权
              357101时刻，设备0已得到响应
              357124时刻，设备0完成总线访问，请求已撤出
========进行仲裁测试（计数起始点2）========
======从终止点开始的循环模式======
共有3个设备提起请求
请求状态：设备3(0);设备2(1);设备1(1);设备0(1)
本次设备2将得到总线控制权
              359612时刻，设备2已得到响应
              359635时刻，设备2完成总线访问，请求已撤出
请求状态：设备3(0);设备2(0);设备1(1);设备0(1)
本次设备0将得到总线控制权
              361968时刻，设备0已得到响应
              361991时刻，设备0完成总线访问，请求已撤出
请求状态：设备3(0);设备2(0);设备1(1);设备0(0)
本次设备1将得到总线控制权
              364324时刻，设备1已得到响应
              364347时刻，设备1完成总线访问，请求已撤出
========进行仲裁测试（计数起始点3）========
======从终止点开始的循环模式======
共有3个设备提起请求
请求状态：设备3(0);设备2(1);设备1(1);设备0(1)
本次设备0将得到总线控制权
已超出等待时间上限，本样例未通过
请求状态：设备3(0);设备2(1);设备1(1);设备0(1)
本次设备1将得到总线控制权
已超出等待时间上限，本样例未通过
请求状态：设备3(0);设备2(1);设备1(1);设备0(1)
本次设备2将得到总线控制权
              371501时刻，设备2已得到响应
              371524时刻，设备2完成总线访问，请求已撤出
========进行仲裁测试（计数起始点0）========
======从计数起始点开始的循环模式======
共有3个设备提起请求
请求状态：设备3(1);设备2(0);设备1(1);设备0(1)
本次设备0将得到总线控制权
              374012时刻，设备0已得到响应
              374035时刻，设备0完成总线访问，请求已撤出
请求状态：设备3(1);设备2(0);设备1(1);设备0(0)
本次设备1将得到总线控制权
              376368时刻，设备1已得到响应
              376391时刻，设备1完成总线访问，请求已撤出
请求状态：设备3(1);设备2(0);设备1(0);设备0(0)
本次设备3将得到总线控制权
              378724时刻，设备3已得到响应
              378747时刻，设备3完成总线访问，请求已撤出
========进行仲裁测试（计数起始点1）========
======从计数起始点开始的循环模式======
共有3个设备提起请求
请求状态：设备3(1);设备2(0);设备1(1);设备0(1)
本次设备1将得到总线控制权
              381235时刻，设备1已得到响应
              381258时刻，设备1完成总线访问，请求已撤出
请求状态：设备3(1);设备2(0);设备1(0);设备0(1)
本次设备3将得到总线控制权
              383591时刻，设备3已得到响应
              383614时刻，设备3完成总线访问，请求已撤出
请求状态：设备3(0);设备2(0);设备1(0);设备0(1)
本次设备0将得到总线控制权
              385947时刻，设备0已得到响应
              385970时刻，设备0完成总线访问，请求已撤出
========进行仲裁测试（计数起始点2）========
======从计数起始点开始的循环模式======
共有3个设备提起请求
请求状态：设备3(1);设备2(0);设备1(1);设备0(1)
本次设备3将得到总线控制权
              388458时刻，设备3已得到响应
              388481时刻，设备3完成总线访问，请求已撤出
请求状态：设备3(0);设备2(0);设备1(1);设备0(1)
本次设备0将得到总线控制权
              390814时刻，设备0已得到响应
              390837时刻，设备0完成总线访问，请求已撤出
请求状态：设备3(0);设备2(0);设备1(1);设备0(0)
本次设备1将得到总线控制权
              393170时刻，设备1已得到响应
              393193时刻，设备1完成总线访问，请求已撤出
========进行仲裁测试（计数起始点3）========
======从计数起始点开始的循环模式======
共有3个设备提起请求
请求状态：设备3(1);设备2(0);设备1(1);设备0(1)
本次设备3将得到总线控制权
              395681时刻，设备3已得到响应
              395704时刻，设备3完成总线访问，请求已撤出
请求状态：设备3(0);设备2(0);设备1(1);设备0(1)
本次设备0将得到总线控制权
              398037时刻，设备0已得到响应
              398060时刻，设备0完成总线访问，请求已撤出
请求状态：设备3(0);设备2(0);设备1(1);设备0(0)
本次设备1将得到总线控制权
              400393时刻，设备1已得到响应
              400416时刻，设备1完成总线访问，请求已撤出
========进行仲裁测试（计数起始点0）========
======从终止点开始的循环模式======
共有3个设备提起请求
请求状态：设备3(1);设备2(0);设备1(1);设备0(1)
本次设备0将得到总线控制权
              402904时刻，设备0已得到响应
              402927时刻，设备0完成总线访问，请求已撤出
请求状态：设备3(1);设备2(0);设备1(1);设备0(0)
本次设备1将得到总线控制权
              405260时刻，设备1已得到响应
              405283时刻，设备1完成总线访问，请求已撤出
请求状态：设备3(1);设备2(0);设备1(0);设备0(0)
本次设备3将得到总线控制权
              407616时刻，设备3已得到响应
              407639时刻，设备3完成总线访问，请求已撤出
========进行仲裁测试（计数起始点1）========
======从终止点开始的循环模式======
共有3个设备提起请求
请求状态：设备3(1);设备2(0);设备1(1);设备0(1)
本次设备1将得到总线控制权
              410127时刻，设备1已得到响应
              410150时刻，设备1完成总线访问，请求已撤出
请求状态：设备3(1);设备2(0);设备1(0);设备0(1)
本次设备3将得到总线控制权
              412483时刻，设备3已得到响应
              412506时刻，设备3完成总线访问，请求已撤出
请求状态：设备3(0);设备2(0);设备1(0);设备0(1)
本次设备0将得到总线控制权
              414839时刻，设备0已得到响应
              414862时刻，设备0完成总线访问，请求已撤出
========进行仲裁测试（计数起始点2）========
======从终止点开始的循环模式======
共有3个设备提起请求
请求状态：设备3(1);设备2(0);设备1(1);设备0(1)
本次设备3将得到总线控制权
              417350时刻，设备3已得到响应
              417373时刻，设备3完成总线访问，请求已撤出
请求状态：设备3(0);设备2(0);设备1(1);设备0(1)
本次设备0将得到总线控制权
              419706时刻，设备0已得到响应
              419729时刻，设备0完成总线访问，请求已撤出
请求状态：设备3(0);设备2(0);设备1(1);设备0(0)
本次设备1将得到总线控制权
              422062时刻，设备1已得到响应
              422085时刻，设备1完成总线访问，请求已撤出
========进行仲裁测试（计数起始点3）========
======从终止点开始的循环模式======
共有3个设备提起请求
请求状态：设备3(1);设备2(0);设备1(1);设备0(1)
本次设备3将得到总线控制权
              424573时刻，设备3已得到响应
              424596时刻，设备3完成总线访问，请求已撤出
请求状态：设备3(0);设备2(0);设备1(1);设备0(1)
本次设备0将得到总线控制权
              426929时刻，设备0已得到响应
              426952时刻，设备0完成总线访问，请求已撤出
请求状态：设备3(0);设备2(0);设备1(1);设备0(0)
本次设备1将得到总线控制权
              429285时刻，设备1已得到响应
              429308时刻，设备1完成总线访问，请求已撤出
========进行仲裁测试（计数起始点0）========
======从计数起始点开始的循环模式======
共有3个设备提起请求
请求状态：设备3(1);设备2(1);设备1(0);设备0(1)
本次设备0将得到总线控制权
已超出等待时间上限，本样例未通过
请求状态：设备3(1);设备2(1);设备1(0);设备0(1)
本次设备2将得到总线控制权
              434129时刻，设备2已得到响应
              434152时刻，设备2完成总线访问，请求已撤出
请求状态：设备3(1);设备2(0);设备1(0);设备0(1)
本次设备3将得到总线控制权
已超出等待时间上限，本样例未通过
========进行仲裁测试（计数起始点1）========
======从计数起始点开始的循环模式======
共有3个设备提起请求
请求状态：设备3(1);设备2(1);设备1(0);设备0(1)
本次设备2将得到总线控制权
              438973时刻，设备2已得到响应
              438996时刻，设备2完成总线访问，请求已撤出
请求状态：设备3(1);设备2(0);设备1(0);设备0(1)
本次设备3将得到总线控制权
              441329时刻，设备3已得到响应
              441352时刻，设备3完成总线访问，请求已撤出
请求状态：设备3(0);设备2(0);设备1(0);设备0(1)
本次设备0将得到总线控制权
              443685时刻，设备0已得到响应
              443708时刻，设备0完成总线访问，请求已撤出
========进行仲裁测试（计数起始点2）========
======从计数起始点开始的循环模式======
共有3个设备提起请求
请求状态：设备3(1);设备2(1);设备1(0);设备0(1)
本次设备2将得到总线控制权
              446196时刻，设备2已得到响应
              446219时刻，设备2完成总线访问，请求已撤出
请求状态：设备3(1);设备2(0);设备1(0);设备0(1)
本次设备3将得到总线控制权
              448552时刻，设备3已得到响应
              448575时刻，设备3完成总线访问，请求已撤出
请求状态：设备3(0);设备2(0);设备1(0);设备0(1)
本次设备0将得到总线控制权
              450908时刻，设备0已得到响应
              450931时刻，设备0完成总线访问，请求已撤出
========进行仲裁测试（计数起始点3）========
======从计数起始点开始的循环模式======
共有3个设备提起请求
请求状态：设备3(1);设备2(1);设备1(0);设备0(1)
本次设备3将得到总线控制权
              453419时刻，设备3已得到响应
              453442时刻，设备3完成总线访问，请求已撤出
请求状态：设备3(0);设备2(1);设备1(0);设备0(1)
本次设备0将得到总线控制权
              455775时刻，设备0已得到响应
              455798时刻，设备0完成总线访问，请求已撤出
请求状态：设备3(0);设备2(1);设备1(0);设备0(0)
本次设备2将得到总线控制权
              458131时刻，设备2已得到响应
              458154时刻，设备2完成总线访问，请求已撤出
========进行仲裁测试（计数起始点0）========
======从终止点开始的循环模式======
共有3个设备提起请求
请求状态：设备3(1);设备2(1);设备1(0);设备0(1)
本次设备0将得到总线控制权
              460642时刻，设备0已得到响应
              460665时刻，设备0完成总线访问，请求已撤出
请求状态：设备3(1);设备2(1);设备1(0);设备0(0)
本次设备2将得到总线控制权
              462998时刻，设备2已得到响应
              463021时刻，设备2完成总线访问，请求已撤出
请求状态：设备3(1);设备2(0);设备1(0);设备0(0)
本次设备3将得到总线控制权
              465354时刻，设备3已得到响应
              465377时刻，设备3完成总线访问，请求已撤出
========进行仲裁测试（计数起始点1）========
======从终止点开始的循环模式======
共有3个设备提起请求
请求状态：设备3(1);设备2(1);设备1(0);设备0(1)
本次设备2将得到总线控制权
已超出等待时间上限，本样例未通过
请求状态：设备3(1);设备2(1);设备1(0);设备0(1)
本次设备3将得到总线控制权
已超出等待时间上限，本样例未通过
请求状态：设备3(1);设备2(1);设备1(0);设备0(1)
本次设备0将得到总线控制权
              472531时刻，设备0已得到响应
              472554时刻，设备0完成总线访问，请求已撤出
========进行仲裁测试（计数起始点2）========
======从终止点开始的循环模式======
共有3个设备提起请求
请求状态：设备3(1);设备2(1);设备1(0);设备0(1)
本次设备2将得到总线控制权
              475042时刻，设备2已得到响应
              475065时刻，设备2完成总线访问，请求已撤出
请求状态：设备3(1);设备2(0);设备1(0);设备0(1)
本次设备3将得到总线控制权
              477398时刻，设备3已得到响应
              477421时刻，设备3完成总线访问，请求已撤出
请求状态：设备3(0);设备2(0);设备1(0);设备0(1)
本次设备0将得到总线控制权
              479754时刻，设备0已得到响应
              479777时刻，设备0完成总线访问，请求已撤出
========进行仲裁测试（计数起始点3）========
======从终止点开始的循环模式======
共有3个设备提起请求
请求状态：设备3(1);设备2(1);设备1(0);设备0(1)
本次设备3将得到总线控制权
已超出等待时间上限，本样例未通过
请求状态：设备3(1);设备2(1);设备1(0);设备0(1)
本次设备0将得到总线控制权
已超出等待时间上限，本样例未通过
请求状态：设备3(1);设备2(1);设备1(0);设备0(1)
本次设备2将得到总线控制权
              486931时刻，设备2已得到响应
              486954时刻，设备2完成总线访问，请求已撤出
========进行仲裁测试（计数起始点0）========
======从计数起始点开始的循环模式======
共有3个设备提起请求
请求状态：设备3(1);设备2(1);设备1(1);设备0(0)
本次设备1将得到总线控制权
              489442时刻，设备1已得到响应
              489465时刻，设备1完成总线访问，请求已撤出
请求状态：设备3(1);设备2(1);设备1(0);设备0(0)
本次设备2将得到总线控制权
              491798时刻，设备2已得到响应
              491821时刻，设备2完成总线访问，请求已撤出
请求状态：设备3(1);设备2(0);设备1(0);设备0(0)
本次设备3将得到总线控制权
              494154时刻，设备3已得到响应
              494177时刻，设备3完成总线访问，请求已撤出
========进行仲裁测试（计数起始点1）========
======从计数起始点开始的循环模式======
共有3个设备提起请求
请求状态：设备3(1);设备2(1);设备1(1);设备0(0)
本次设备1将得到总线控制权
              496665时刻，设备1已得到响应
              496688时刻，设备1完成总线访问，请求已撤出
请求状态：设备3(1);设备2(1);设备1(0);设备0(0)
本次设备2将得到总线控制权
              499021时刻，设备2已得到响应
              499044时刻，设备2完成总线访问，请求已撤出
请求状态：设备3(1);设备2(0);设备1(0);设备0(0)
本次设备3将得到总线控制权
              501377时刻，设备3已得到响应
              501400时刻，设备3完成总线访问，请求已撤出
========进行仲裁测试（计数起始点2）========
======从计数起始点开始的循环模式======
共有3个设备提起请求
请求状态：设备3(1);设备2(1);设备1(1);设备0(0)
本次设备2将得到总线控制权
              503888时刻，设备2已得到响应
              503911时刻，设备2完成总线访问，请求已撤出
请求状态：设备3(1);设备2(0);设备1(1);设备0(0)
本次设备3将得到总线控制权
              506244时刻，设备3已得到响应
              506267时刻，设备3完成总线访问，请求已撤出
请求状态：设备3(0);设备2(0);设备1(1);设备0(0)
本次设备1将得到总线控制权
              508600时刻，设备1已得到响应
              508623时刻，设备1完成总线访问，请求已撤出
========进行仲裁测试（计数起始点3）========
======从计数起始点开始的循环模式======
共有3个设备提起请求
请求状态：设备3(1);设备2(1);设备1(1);设备0(0)
本次设备3将得到总线控制权
              511111时刻，设备3已得到响应
              511134时刻，设备3完成总线访问，请求已撤出
请求状态：设备3(0);设备2(1);设备1(1);设备0(0)
本次设备1将得到总线控制权
              513467时刻，设备1已得到响应
              513490时刻，设备1完成总线访问，请求已撤出
请求状态：设备3(0);设备2(1);设备1(0);设备0(0)
本次设备2将得到总线控制权
              515823时刻，设备2已得到响应
              515846时刻，设备2完成总线访问，请求已撤出
========进行仲裁测试（计数起始点0）========
======从终止点开始的循环模式======
共有3个设备提起请求
请求状态：设备3(1);设备2(1);设备1(1);设备0(0)
本次设备1将得到总线控制权
              518334时刻，设备1已得到响应
              518357时刻，设备1完成总线访问，请求已撤出
请求状态：设备3(1);设备2(1);设备1(0);设备0(0)
本次设备2将得到总线控制权
              520690时刻，设备2已得到响应
              520713时刻，设备2完成总线访问，请求已撤出
请求状态：设备3(1);设备2(0);设备1(0);设备0(0)
本次设备3将得到总线控制权
              523046时刻，设备3已得到响应
              523069时刻，设备3完成总线访问，请求已撤出
========进行仲裁测试（计数起始点1）========
======从终止点开始的循环模式======
共有3个设备提起请求
请求状态：设备3(1);设备2(1);设备1(1);设备0(0)
本次设备1将得到总线控制权
              525557时刻，设备1已得到响应
              525580时刻，设备1完成总线访问，请求已撤出
请求状态：设备3(1);设备2(1);设备1(0);设备0(0)
本次设备2将得到总线控制权
              527913时刻，设备2已得到响应
              527936时刻，设备2完成总线访问，请求已撤出
请求状态：设备3(1);设备2(0);设备1(0);设备0(0)
本次设备3将得到总线控制权
              530269时刻，设备3已得到响应
              530292时刻，设备3完成总线访问，请求已撤出
========进行仲裁测试（计数起始点2）========
======从终止点开始的循环模式======
共有3个设备提起请求
请求状态：设备3(1);设备2(1);设备1(1);设备0(0)
本次设备2将得到总线控制权
              532780时刻，设备2已得到响应
              532803时刻，设备2完成总线访问，请求已撤出
请求状态：设备3(1);设备2(0);设备1(1);设备0(0)
本次设备3将得到总线控制权
              535136时刻，设备3已得到响应
              535159时刻，设备3完成总线访问，请求已撤出
请求状态：设备3(0);设备2(0);设备1(1);设备0(0)
本次设备1将得到总线控制权
              537492时刻，设备1已得到响应
              537515时刻，设备1完成总线访问，请求已撤出
========进行仲裁测试（计数起始点3）========
======从终止点开始的循环模式======
共有3个设备提起请求
请求状态：设备3(1);设备2(1);设备1(1);设备0(0)
本次设备3将得到总线控制权
              540003时刻，设备3已得到响应
              540026时刻，设备3完成总线访问，请求已撤出
请求状态：设备3(0);设备2(1);设备1(1);设备0(0)
本次设备1将得到总线控制权
              542359时刻，设备1已得到响应
              542382时刻，设备1完成总线访问，请求已撤出
请求状态：设备3(0);设备2(1);设备1(0);设备0(0)
本次设备2将得到总线控制权
              544715时刻，设备2已得到响应
              544738时刻，设备2完成总线访问，请求已撤出
========进行仲裁测试（计数起始点0）========
======从计数起始点开始的循环模式======
共有4个设备提起请求
请求状态：设备3(1);设备2(1);设备1(1);设备0(1)
本次设备0将得到总线控制权
已超出等待时间上限，本样例未通过
请求状态：设备3(1);设备2(1);设备1(1);设备0(1)
本次设备1将得到总线控制权
已超出等待时间上限，本样例未通过
请求状态：设备3(1);设备2(1);设备1(1);设备0(1)
本次设备2将得到总线控制权
已超出等待时间上限，本样例未通过
请求状态：设备3(1);设备2(1);设备1(1);设备0(1)
本次设备3将得到总线控制权
              554225时刻，设备3已得到响应
              554248时刻，设备3完成总线访问，请求已撤出
========进行仲裁测试（计数起始点1）========
======从计数起始点开始的循环模式======
共有4个设备提起请求
请求状态：设备3(1);设备2(1);设备1(1);设备0(1)
本次设备1将得到总线控制权
              556736时刻，设备1已得到响应
              556759时刻，设备1完成总线访问，请求已撤出
请求状态：设备3(1);设备2(1);设备1(0);设备0(1)
本次设备2将得到总线控制权
              559092时刻，设备2已得到响应
              559115时刻，设备2完成总线访问，请求已撤出
请求状态：设备3(1);设备2(0);设备1(0);设备0(1)
本次设备3将得到总线控制权
              561448时刻，设备3已得到响应
              561471时刻，设备3完成总线访问，请求已撤出
请求状态：设备3(0);设备2(0);设备1(0);设备0(1)
本次设备0将得到总线控制权
              563804时刻，设备0已得到响应
              563827时刻，设备0完成总线访问，请求已撤出
========进行仲裁测试（计数起始点2）========
======从计数起始点开始的循环模式======
共有4个设备提起请求
请求状态：设备3(1);设备2(1);设备1(1);设备0(1)
本次设备2将得到总线控制权
              566315时刻，设备2已得到响应
              566338时刻，设备2完成总线访问，请求已撤出
请求状态：设备3(1);设备2(0);设备1(1);设备0(1)
本次设备3将得到总线控制权
              568671时刻，设备3已得到响应
              568694时刻，设备3完成总线访问，请求已撤出
请求状态：设备3(0);设备2(0);设备1(1);设备0(1)
本次设备0将得到总线控制权
              571027时刻，设备0已得到响应
              571050时刻，设备0完成总线访问，请求已撤出
请求状态：设备3(0);设备2(0);设备1(1);设备0(0)
本次设备1将得到总线控制权
              573383时刻，设备1已得到响应
              573406时刻，设备1完成总线访问，请求已撤出
========进行仲裁测试（计数起始点3）========
======从计数起始点开始的循环模式======
共有4个设备提起请求
请求状态：设备3(1);设备2(1);设备1(1);设备0(1)
本次设备3将得到总线控制权
              575894时刻，设备3已得到响应
              575917时刻，设备3完成总线访问，请求已撤出
请求状态：设备3(0);设备2(1);设备1(1);设备0(1)
本次设备0将得到总线控制权
              578250时刻，设备0已得到响应
              578273时刻，设备0完成总线访问，请求已撤出
请求状态：设备3(0);设备2(1);设备1(1);设备0(0)
本次设备1将得到总线控制权
              580606时刻，设备1已得到响应
              580629时刻，设备1完成总线访问，请求已撤出
请求状态：设备3(0);设备2(1);设备1(0);设备0(0)
本次设备2将得到总线控制权
              582962时刻，设备2已得到响应
              582985时刻，设备2完成总线访问，请求已撤出
========进行仲裁测试（计数起始点0）========
======从终止点开始的循环模式======
共有4个设备提起请求
请求状态：设备3(1);设备2(1);设备1(1);设备0(1)
本次设备0将得到总线控制权
              585473时刻，设备0已得到响应
              585496时刻，设备0完成总线访问，请求已撤出
请求状态：设备3(1);设备2(1);设备1(1);设备0(0)
本次设备1将得到总线控制权
              587829时刻，设备1已得到响应
              587852时刻，设备1完成总线访问，请求已撤出
请求状态：设备3(1);设备2(1);设备1(0);设备0(0)
本次设备2将得到总线控制权
              590185时刻，设备2已得到响应
              590208时刻，设备2完成总线访问，请求已撤出
请求状态：设备3(1);设备2(0);设备1(0);设备0(0)
本次设备3将得到总线控制权
              592541时刻，设备3已得到响应
              592564时刻，设备3完成总线访问，请求已撤出
========进行仲裁测试（计数起始点1）========
======从终止点开始的循环模式======
共有4个设备提起请求
请求状态：设备3(1);设备2(1);设备1(1);设备0(1)
本次设备1将得到总线控制权
              595052时刻，设备1已得到响应
              595075时刻，设备1完成总线访问，请求已撤出
请求状态：设备3(1);设备2(1);设备1(0);设备0(1)
本次设备2将得到总线控制权
              597408时刻，设备2已得到响应
              597431时刻，设备2完成总线访问，请求已撤出
请求状态：设备3(1);设备2(0);设备1(0);设备0(1)
本次设备3将得到总线控制权
              599764时刻，设备3已得到响应
              599787时刻，设备3完成总线访问，请求已撤出
请求状态：设备3(0);设备2(0);设备1(0);设备0(1)
本次设备0将得到总线控制权
              602120时刻，设备0已得到响应
              602143时刻，设备0完成总线访问，请求已撤出
========进行仲裁测试（计数起始点2）========
======从终止点开始的循环模式======
共有4个设备提起请求
请求状态：设备3(1);设备2(1);设备1(1);设备0(1)
本次设备2将得到总线控制权
              604631时刻，设备2已得到响应
              604654时刻，设备2完成总线访问，请求已撤出
请求状态：设备3(1);设备2(0);设备1(1);设备0(1)
本次设备3将得到总线控制权
              606987时刻，设备3已得到响应
              607010时刻，设备3完成总线访问，请求已撤出
请求状态：设备3(0);设备2(0);设备1(1);设备0(1)
本次设备0将得到总线控制权
              609343时刻，设备0已得到响应
              609366时刻，设备0完成总线访问，请求已撤出
请求状态：设备3(0);设备2(0);设备1(1);设备0(0)
本次设备1将得到总线控制权
              611699时刻，设备1已得到响应
              611722时刻，设备1完成总线访问，请求已撤出
========进行仲裁测试（计数起始点3）========
======从终止点开始的循环模式======
共有4个设备提起请求
请求状态：设备3(1);设备2(1);设备1(1);设备0(1)
本次设备3将得到总线控制权
              614210时刻，设备3已得到响应
              614233时刻，设备3完成总线访问，请求已撤出
请求状态：设备3(0);设备2(1);设备1(1);设备0(1)
本次设备0将得到总线控制权
              616566时刻，设备0已得到响应
              616589时刻，设备0完成总线访问，请求已撤出
请求状态：设备3(0);设备2(1);设备1(1);设备0(0)
本次设备1将得到总线控制权
              618922时刻，设备1已得到响应
              618945时刻，设备1完成总线访问，请求已撤出
请求状态：设备3(0);设备2(1);设备1(0);设备0(0)
本次设备2将得到总线控制权
              621278时刻，设备2已得到响应
              621301时刻，设备2完成总线访问，请求已撤出
运行了120个测试，通过了107个测试
